[2021-08-12 20:59:49,282] {taskinstance.py:896} INFO - Dependencies all met for <TaskInstance: pipeline_try.is_today 2021-08-12T20:54:41.508675+00:00 [queued]>
[2021-08-12 20:59:49,301] {taskinstance.py:896} INFO - Dependencies all met for <TaskInstance: pipeline_try.is_today 2021-08-12T20:54:41.508675+00:00 [queued]>
[2021-08-12 20:59:49,302] {taskinstance.py:1087} INFO - 
--------------------------------------------------------------------------------
[2021-08-12 20:59:49,302] {taskinstance.py:1088} INFO - Starting attempt 1 of 2
[2021-08-12 20:59:49,302] {taskinstance.py:1089} INFO - 
--------------------------------------------------------------------------------
[2021-08-12 20:59:49,312] {taskinstance.py:1107} INFO - Executing <Task(BranchPythonOperator): is_today> on 2021-08-12T20:54:41.508675+00:00
[2021-08-12 20:59:49,320] {standard_task_runner.py:52} INFO - Started process 3710 to run task
[2021-08-12 20:59:49,323] {standard_task_runner.py:76} INFO - Running: ['***', 'tasks', 'run', 'pipeline_try', 'is_today', '2021-08-12T20:54:41.508675+00:00', '--job-id', '129', '--pool', 'default_pool', '--raw', '--subdir', 'DAGS_FOLDER/pipeline_try1.py', '--cfg-path', '/tmp/tmpqbxvfqc0', '--error-file', '/tmp/tmpx7zx7xkm']
[2021-08-12 20:59:49,329] {standard_task_runner.py:77} INFO - Job 129: Subtask is_today
[2021-08-12 20:59:49,396] {logging_mixin.py:104} INFO - Running <TaskInstance: pipeline_try.is_today 2021-08-12T20:54:41.508675+00:00 [running]> on host 99300daf4d26
[2021-08-12 20:59:49,453] {taskinstance.py:1302} INFO - Exporting the following env vars:
AIRFLOW_CTX_DAG_EMAIL=ameysonje242000@gmail.com
AIRFLOW_CTX_DAG_OWNER=amey
AIRFLOW_CTX_DAG_ID=pipeline_try
AIRFLOW_CTX_TASK_ID=is_today
AIRFLOW_CTX_EXECUTION_DATE=2021-08-12T20:54:41.508675+00:00
AIRFLOW_CTX_DAG_RUN_ID=manual__2021-08-12T20:54:41.508675+00:00
[2021-08-12 20:59:49,463] {logging_mixin.py:104} INFO - today is 3
[2021-08-12 20:59:49,463] {python.py:151} INFO - Done. Returned value was: thursday_Task
[2021-08-12 20:59:49,464] {skipmixin.py:124} INFO - Following branch thursday_Task
[2021-08-12 20:59:49,475] {skipmixin.py:155} INFO - Skipping tasks ['none']
[2021-08-12 20:59:49,527] {taskinstance.py:1211} INFO - Marking task as SUCCESS. dag_id=pipeline_try, task_id=is_today, execution_date=20210812T205441, start_date=20210812T205949, end_date=20210812T205949
[2021-08-12 20:59:49,563] {taskinstance.py:1265} INFO - 1 downstream tasks scheduled from follow-on schedule check
[2021-08-12 20:59:49,576] {local_task_job.py:149} INFO - Task exited with return code 0
