[2021-08-12 13:12:20,195] {taskinstance.py:896} INFO - Dependencies all met for <TaskInstance: pipeline_try.is_today 2021-08-12T13:12:14.211270+00:00 [queued]>
[2021-08-12 13:12:20,227] {taskinstance.py:896} INFO - Dependencies all met for <TaskInstance: pipeline_try.is_today 2021-08-12T13:12:14.211270+00:00 [queued]>
[2021-08-12 13:12:20,227] {taskinstance.py:1087} INFO - 
--------------------------------------------------------------------------------
[2021-08-12 13:12:20,228] {taskinstance.py:1088} INFO - Starting attempt 1 of 2
[2021-08-12 13:12:20,228] {taskinstance.py:1089} INFO - 
--------------------------------------------------------------------------------
[2021-08-12 13:12:20,244] {taskinstance.py:1107} INFO - Executing <Task(BranchPythonOperator): is_today> on 2021-08-12T13:12:14.211270+00:00
[2021-08-12 13:12:20,253] {standard_task_runner.py:52} INFO - Started process 31186 to run task
[2021-08-12 13:12:20,262] {standard_task_runner.py:76} INFO - Running: ['***', 'tasks', 'run', 'pipeline_try', 'is_today', '2021-08-12T13:12:14.211270+00:00', '--job-id', '93', '--pool', 'default_pool', '--raw', '--subdir', 'DAGS_FOLDER/pipeline_try1.py', '--cfg-path', '/tmp/tmpmg1iw45s', '--error-file', '/tmp/tmpu_2z5sed']
[2021-08-12 13:12:20,268] {standard_task_runner.py:77} INFO - Job 93: Subtask is_today
[2021-08-12 13:12:20,364] {logging_mixin.py:104} INFO - Running <TaskInstance: pipeline_try.is_today 2021-08-12T13:12:14.211270+00:00 [running]> on host 99300daf4d26
[2021-08-12 13:12:20,459] {taskinstance.py:1302} INFO - Exporting the following env vars:
AIRFLOW_CTX_DAG_EMAIL=ameysonje242000@gmail.com
AIRFLOW_CTX_DAG_OWNER=amey
AIRFLOW_CTX_DAG_ID=pipeline_try
AIRFLOW_CTX_TASK_ID=is_today
AIRFLOW_CTX_EXECUTION_DATE=2021-08-12T13:12:14.211270+00:00
AIRFLOW_CTX_DAG_RUN_ID=manual__2021-08-12T13:12:14.211270+00:00
[2021-08-12 13:12:20,472] {logging_mixin.py:104} INFO - today is 3
[2021-08-12 13:12:20,473] {python.py:151} INFO - Done. Returned value was: thursday_Task
[2021-08-12 13:12:20,476] {skipmixin.py:124} INFO - Following branch thursday_Task
[2021-08-12 13:12:20,497] {skipmixin.py:155} INFO - Skipping tasks ['none']
[2021-08-12 13:12:20,616] {taskinstance.py:1211} INFO - Marking task as SUCCESS. dag_id=pipeline_try, task_id=is_today, execution_date=20210812T131214, start_date=20210812T131220, end_date=20210812T131220
[2021-08-12 13:12:20,670] {taskinstance.py:1265} INFO - 1 downstream tasks scheduled from follow-on schedule check
[2021-08-12 13:12:20,716] {local_task_job.py:149} INFO - Task exited with return code 0
