[2021-08-14 05:22:19,988] {taskinstance.py:896} INFO - Dependencies all met for <TaskInstance: pipeline_try.friday_Task 2021-08-13T00:00:00+00:00 [queued]>
[2021-08-14 05:22:20,070] {taskinstance.py:896} INFO - Dependencies all met for <TaskInstance: pipeline_try.friday_Task 2021-08-13T00:00:00+00:00 [queued]>
[2021-08-14 05:22:20,071] {taskinstance.py:1087} INFO - 
--------------------------------------------------------------------------------
[2021-08-14 05:22:20,073] {taskinstance.py:1088} INFO - Starting attempt 1 of 2
[2021-08-14 05:22:20,074] {taskinstance.py:1089} INFO - 
--------------------------------------------------------------------------------
[2021-08-14 05:22:20,097] {taskinstance.py:1107} INFO - Executing <Task(PythonOperator): friday_Task> on 2021-08-13T00:00:00+00:00
[2021-08-14 05:22:20,105] {standard_task_runner.py:52} INFO - Started process 32553 to run task
[2021-08-14 05:22:20,114] {standard_task_runner.py:76} INFO - Running: ['***', 'tasks', 'run', 'pipeline_try', 'friday_Task', '2021-08-13T00:00:00+00:00', '--job-id', '187', '--pool', 'default_pool', '--raw', '--subdir', 'DAGS_FOLDER/pipeline_try1.py', '--cfg-path', '/tmp/tmp_7uglnbk', '--error-file', '/tmp/tmpa0o0s1zq']
[2021-08-14 05:22:20,128] {standard_task_runner.py:77} INFO - Job 187: Subtask friday_Task
[2021-08-14 05:22:20,295] {logging_mixin.py:104} INFO - Running <TaskInstance: pipeline_try.friday_Task 2021-08-13T00:00:00+00:00 [running]> on host 99300daf4d26
[2021-08-14 05:22:20,426] {taskinstance.py:1302} INFO - Exporting the following env vars:
AIRFLOW_CTX_DAG_EMAIL=ameysonje242000@gmail.com
AIRFLOW_CTX_DAG_OWNER=amey
AIRFLOW_CTX_DAG_ID=pipeline_try
AIRFLOW_CTX_TASK_ID=friday_Task
AIRFLOW_CTX_EXECUTION_DATE=2021-08-13T00:00:00+00:00
AIRFLOW_CTX_DAG_RUN_ID=scheduled__2021-08-13T00:00:00+00:00
[2021-08-14 05:22:20,432] {logging_mixin.py:104} INFO - From friday_Task, so its Friday today
[2021-08-14 05:22:20,433] {python.py:151} INFO - Done. Returned value was: None
[2021-08-14 05:22:20,451] {taskinstance.py:1211} INFO - Marking task as SUCCESS. dag_id=pipeline_try, task_id=friday_Task, execution_date=20210813T000000, start_date=20210814T052220, end_date=20210814T052220
[2021-08-14 05:22:20,539] {taskinstance.py:1265} INFO - 2 downstream tasks scheduled from follow-on schedule check
[2021-08-14 05:22:20,578] {local_task_job.py:149} INFO - Task exited with return code 0
