[2021-08-12 11:58:08,177] {taskinstance.py:896} INFO - Dependencies all met for <TaskInstance: pipeline_try.httpposttry 2021-08-11T00:00:00+00:00 [queued]>
[2021-08-12 11:58:08,219] {taskinstance.py:896} INFO - Dependencies all met for <TaskInstance: pipeline_try.httpposttry 2021-08-11T00:00:00+00:00 [queued]>
[2021-08-12 11:58:08,222] {taskinstance.py:1087} INFO - 
--------------------------------------------------------------------------------
[2021-08-12 11:58:08,224] {taskinstance.py:1088} INFO - Starting attempt 2 of 2
[2021-08-12 11:58:08,225] {taskinstance.py:1089} INFO - 
--------------------------------------------------------------------------------
[2021-08-12 11:58:08,243] {taskinstance.py:1107} INFO - Executing <Task(SimpleHttpOperator): httpposttry> on 2021-08-11T00:00:00+00:00
[2021-08-12 11:58:08,250] {standard_task_runner.py:52} INFO - Started process 3652 to run task
[2021-08-12 11:58:08,259] {standard_task_runner.py:76} INFO - Running: ['***', 'tasks', 'run', 'pipeline_try', 'httpposttry', '2021-08-11T00:00:00+00:00', '--job-id', '61', '--pool', 'default_pool', '--raw', '--subdir', 'DAGS_FOLDER/pipeline_try1.py', '--cfg-path', '/tmp/tmpcekl_kdk', '--error-file', '/tmp/tmpgjx9cvnq']
[2021-08-12 11:58:08,266] {standard_task_runner.py:77} INFO - Job 61: Subtask httpposttry
[2021-08-12 11:58:08,357] {logging_mixin.py:104} INFO - Running <TaskInstance: pipeline_try.httpposttry 2021-08-11T00:00:00+00:00 [running]> on host 99300daf4d26
[2021-08-12 11:58:08,468] {taskinstance.py:1302} INFO - Exporting the following env vars:
AIRFLOW_CTX_DAG_EMAIL=ameysonje242000@gmail.com
AIRFLOW_CTX_DAG_OWNER=amey
AIRFLOW_CTX_DAG_ID=pipeline_try
AIRFLOW_CTX_TASK_ID=httpposttry
AIRFLOW_CTX_EXECUTION_DATE=2021-08-11T00:00:00+00:00
AIRFLOW_CTX_DAG_RUN_ID=scheduled__2021-08-11T00:00:00+00:00
[2021-08-12 11:58:08,473] {http.py:111} INFO - Calling HTTP method
[2021-08-12 11:58:08,493] {base.py:78} INFO - Using connection to: id: http_post. Host: 172.18.16.1, Port: 8000, Schema: , Login: , Password: None, extra: {}
[2021-08-12 11:58:08,500] {http.py:140} INFO - Sending 'POST' to url: http://172.18.16.1:8000/blocks
[2021-08-12 11:58:08,778] {http.py:154} ERROR - HTTP error: Internal Server Error
[2021-08-12 11:58:08,780] {http.py:155} ERROR - <!DOCTYPE html>
<html lang="en">
<head>
  <meta http-equiv="content-type" content="text/html; charset=utf-8">
  <meta name="robots" content="NONE,NOARCHIVE">
  <title>RuntimeError
          at /blocks</title>
  <style type="text/css">
    html * { padding:0; margin:0; }
    body * { padding:10px 20px; }
    body * * { padding:0; }
    body { font:small sans-serif; background-color:#fff; color:#000; }
    body>div { border-bottom:1px solid #ddd; }
    h1 { font-weight:normal; }
    h2 { margin-bottom:.8em; }
    h3 { margin:1em 0 .5em 0; }
    h4 { margin:0 0 .5em 0; font-weight: normal; }
    code, pre { font-size: 100%; white-space: pre-wrap; }
    table { border:1px solid #ccc; border-collapse: collapse; width:100%; background:white; }
    tbody td, tbody th { vertical-align:top; padding:2px 3px; }
    thead th {
      padding:1px 6px 1px 3px; background:#fefefe; text-align:left;
      font-weight:normal; font-size:11px; border:1px solid #ddd;
    }
    tbody th { width:12em; text-align:right; color:#666; padding-right:.5em; }
    table.vars { margin:5px 0 2px 40px; }
    table.vars td, table.req td { font-family:monospace; }
    table td.code { width:100%; }
    table td.code pre { overflow:hidden; }
    table.source th { color:#666; }
    table.source td { font-family:monospace; white-space:pre; border-bottom:1px solid #eee; }
    ul.traceback { list-style-type:none; color: #222; }
    ul.traceback li.frame { padding-bottom:1em; color:#4f4f4f; }
    ul.traceback li.user { background-color:#e0e0e0; color:#000 }
    div.context { padding:10px 0; overflow:hidden; }
    div.context ol { padding-left:30px; margin:0 10px; list-style-position: inside; }
    div.context ol li { font-family:monospace; white-space:pre; color:#777; cursor:pointer; padding-left: 2px; }
    div.context ol li pre { display:inline; }
    div.context ol.context-line li { color:#464646; background-color:#dfdfdf; padding: 3px 2px; }
    div.context ol.context-line li span { position:absolute; right:32px; }
    .user div.context ol.context-line li { background-color:#bbb; color:#000; }
    .user div.context ol li { color:#666; }
    div.commands { margin-left: 40px; }
    div.commands a { color:#555; text-decoration:none; }
    .user div.commands a { color: black; }
    #summary { background: #ffc; }
    #summary h2 { font-weight: normal; color: #666; }
    #explanation { background:#eee; }
    #template, #template-not-exist { background:#f6f6f6; }
    #template-not-exist ul { margin: 0 0 10px 20px; }
    #template-not-exist .postmortem-section { margin-bottom: 3px; }
    #unicode-hint { background:#eee; }
    #traceback { background:#eee; }
    #requestinfo { background:#f6f6f6; padding-left:120px; }
    #summary table { border:none; background:transparent; }
    #requestinfo h2, #requestinfo h3 { position:relative; margin-left:-100px; }
    #requestinfo h3 { margin-bottom:-1em; }
    .error { background: #ffc; }
    .specific { color:#cc3300; font-weight:bold; }
    h2 span.commands { font-size:.7em; font-weight:normal; }
    span.commands a:link {color:#5E5694;}
    pre.exception_value { font-family: sans-serif; color: #575757; font-size: 1.5em; margin: 10px 0 10px 0; }
    .append-bottom { margin-bottom: 10px; }
    .fname { user-select: all; }
  </style>
  
  <script>
    function hideAll(elems) {
      for (var e = 0; e < elems.length; e++) {
        elems[e].style.display = 'none';
      }
    }
    window.onload = function() {
      hideAll(document.querySelectorAll('table.vars'));
      hideAll(document.querySelectorAll('ol.pre-context'));
      hideAll(document.querySelectorAll('ol.post-context'));
      hideAll(document.querySelectorAll('div.pastebin'));
    }
    function toggle() {
      for (var i = 0; i < arguments.length; i++) {
        var e = document.getElementById(arguments[i]);
        if (e) {
          e.style.display = e.style.display == 'none' ? 'block': 'none';
        }
      }
      return false;
    }
    function varToggle(link, id) {
      toggle('v' + id);
      var s = link.getElementsByTagName('span')[0];
      var uarr = String.fromCharCode(0x25b6);
      var darr = String.fromCharCode(0x25bc);
      s.textContent = s.textContent == uarr ? darr : uarr;
      return false;
    }
    function switchPastebinFriendly(link) {
      s1 = "Switch to copy-and-paste view";
      s2 = "Switch back to interactive view";
      link.textContent = link.textContent.trim() == s1 ? s2: s1;
      toggle('browserTraceback', 'pastebinTraceback');
      return false;
    }
  </script>
  
</head>
<body>
<div id="summary">
  <h1>RuntimeError
       at /blocks</h1>
  <pre class="exception_value">You called this URL via POST, but the URL doesn&#x27;t end in a slash and you have APPEND_SLASH set. Django can&#x27;t redirect to the slash URL while maintaining POST data. Change your form to point to 172.18.16.1:8000/blocks/ (note the trailing slash), or set APPEND_SLASH=False in your Django settings.</pre>
  <table class="meta">

    <tr>
      <th>Request Method:</th>
      <td>POST</td>
    </tr>
    <tr>
      <th>Request URL:</th>
      <td>http://172.18.16.1:8000/blocks</td>
    </tr>

    <tr>
      <th>Django Version:</th>
      <td>3.1</td>
    </tr>

    <tr>
      <th>Exception Type:</th>
      <td>RuntimeError</td>
    </tr>


    <tr>
      <th>Exception Value:</th>
      <td><pre>You called this URL via POST, but the URL doesn&#x27;t end in a slash and you have APPEND_SLASH set. Django can&#x27;t redirect to the slash URL while maintaining POST data. Change your form to point to 172.18.16.1:8000/blocks/ (note the trailing slash), or set APPEND_SLASH=False in your Django settings.</pre></td>
    </tr>


    <tr>
      <th>Exception Location:</th>
      <td><span class="fname">C:\Users\amey sonje\AppData\Local\Programs\Python\Python37\lib\site-packages\django\middleware\common.py</span>, line 94, in get_full_path_with_slash</td>
    </tr>

    <tr>
      <th>Python Executable:</th>
      <td>C:\Users\amey sonje\AppData\Local\Programs\Python\Python37\python.exe</td>
    </tr>
    <tr>
      <th>Python Version:</th>
      <td>3.7.4</td>
    </tr>
    <tr>
      <th>Python Path:</th>
      <td><pre>[&#x27;C:\\Users\\amey sonje\\Desktop\\django_backend&#x27;,
 &#x27;C:\\Users\\amey &#x27;
 &#x27;sonje\\AppData\\Local\\Programs\\Python\\Python37\\python37.zip&#x27;,
 &#x27;C:\\Users\\amey sonje\\AppData\\Local\\Programs\\Python\\Python37\\DLLs&#x27;,
 &#x27;C:\\Users\\amey sonje\\AppData\\Local\\Programs\\Python\\Python37\\lib&#x27;,
 &#x27;C:\\Users\\amey sonje\\AppData\\Local\\Programs\\Python\\Python37&#x27;,
 &#x27;C:\\Users\\amey sonje\\AppData\\Roaming\\Python\\Python37\\site-packages&#x27;,
 &#x27;C:\\Users\\amey &#x27;
 &#x27;sonje\\AppData\\Local\\Programs\\Python\\Python37\\lib\\site-packages&#x27;,
 &#x27;C:\\Users\\amey &#x27;
 &#x27;sonje\\AppData\\Local\\Programs\\Python\\Python37\\lib\\site-packages\\googletrans-3.0.0-py3.7.egg&#x27;,
 &#x27;C:\\Users\\amey &#x27;
 &#x27;sonje\\AppData\\Local\\Programs\\Python\\Python37\\lib\\site-packages\\win32&#x27;,
 &#x27;C:\\Users\\amey &#x27;
 &#x27;sonje\\AppData\\Local\\Programs\\Python\\Python37\\lib\\site-packages\\win32\\lib&#x27;,
 &#x27;C:\\Users\\amey &#x27;
 &#x27;sonje\\AppData\\Local\\Programs\\Python\\Python37\\lib\\site-packages\\Pythonwin&#x27;]</pre></td>
    </tr>
    <tr>
      <th>Server time:</th>
      <td>Thu, 12 Aug 2021 11:58:08 +0000</td>
    </tr>
  </table>
</div>




<div id="traceback">
  <h2>Traceback <span class="commands"><a href="#" onclick="return switchPastebinFriendly(this);">
    Switch to copy-and-paste view</a></span>
  </h2>
  <div id="browserTraceback">
    <ul class="traceback">
      
        
        <li class="frame django">
          <code class="fname">C:\Users\amey sonje\AppData\Local\Programs\Python\Python37\lib\site-packages\django\core\handlers\exception.py</code>, line 47, in inner

          
            <div class="context" id="c2568026239688">
              
                <ol start="40" class="pre-context" id="pre2568026239688">
                
                  <li onclick="toggle('pre2568026239688', 'post2568026239688')"><pre>                response = await sync_to_async(response_for_exception)(request, exc)</pre></li>
                
                  <li onclick="toggle('pre2568026239688', 'post2568026239688')"><pre>            return response</pre></li>
                
                  <li onclick="toggle('pre2568026239688', 'post2568026239688')"><pre>        return inner</pre></li>
                
                  <li onclick="toggle('pre2568026239688', 'post2568026239688')"><pre>    else:</pre></li>
                
                  <li onclick="toggle('pre2568026239688', 'post2568026239688')"><pre>        @wraps(get_response)</pre></li>
                
                  <li onclick="toggle('pre2568026239688', 'post2568026239688')"><pre>        def inner(request):</pre></li>
                
                  <li onclick="toggle('pre2568026239688', 'post2568026239688')"><pre>            try:</pre></li>
                
                </ol>
              
              <ol start="47" class="context-line">
                <li onclick="toggle('pre2568026239688', 'post2568026239688')"><pre>                response = get_response(request)</pre> <span>…</span></li>
              </ol>
              
                <ol start='48' class="post-context" id="post2568026239688">
                  
                  <li onclick="toggle('pre2568026239688', 'post2568026239688')"><pre>            except Exception as exc:</pre></li>
                  
                  <li onclick="toggle('pre2568026239688', 'post2568026239688')"><pre>                response = response_for_exception(request, exc)</pre></li>
                  
                  <li onclick="toggle('pre2568026239688', 'post2568026239688')"><pre>            return response</pre></li>
                  
                  <li onclick="toggle('pre2568026239688', 'post2568026239688')"><pre>        return inner</pre></li>
                  
                  <li onclick="toggle('pre2568026239688', 'post2568026239688')"><pre></pre></li>
                  
                  <li onclick="toggle('pre2568026239688', 'post2568026239688')"><pre></pre></li>
                  
              </ol>
              
            </div>
          

          
            <div class="commands">
                
                    <a href="#" onclick="return varToggle(this, '2568026239688')"><span>&#x25b6;</span> Local vars</a>
                
            </div>
            <table class="vars" id="v2568026239688">
              <thead>
                <tr>
                  <th>Variable</th>
                  <th>Value</th>
                </tr>
              </thead>
              <tbody>
                
                  <tr>
                    <td>exc</td>
                    <td class="code"><pre>RuntimeError(&quot;You called this URL via POST, but the URL doesn&#x27;t end in a slash and you have APPEND_SLASH set. Django can&#x27;t redirect to the slash URL while maintaining POST data. Change your form to point to 172.18.16.1:8000/blocks/ (note the trailing slash), or set APPEND_SLASH=False in your Django settings.&quot;)</pre></td>
                  </tr>
                
                  <tr>
                    <td>get_response</td>
                    <td class="code"><pre>&lt;django.middleware.common.CommonMiddleware object at 0x00000255EA18C648&gt;</pre></td>
                  </tr>
                
                  <tr>
                    <td>request</td>
                    <td class="code"><pre>&lt;WSGIRequest: POST &#x27;/blocks&#x27;&gt;</pre></td>
                  </tr>
                
              </tbody>
            </table>
          
        </li>
      
        
        <li class="frame django">
          <code class="fname">C:\Users\amey sonje\AppData\Local\Programs\Python\Python37\lib\site-packages\django\utils\deprecation.py</code>, line 113, in __call__

          
            <div class="context" id="c2568026239496">
              
                <ol start="106" class="pre-context" id="pre2568026239496">
                
                  <li onclick="toggle('pre2568026239496', 'post2568026239496')"><pre></pre></li>
                
                  <li onclick="toggle('pre2568026239496', 'post2568026239496')"><pre>    def __call__(self, request):</pre></li>
                
                  <li onclick="toggle('pre2568026239496', 'post2568026239496')"><pre>        # Exit out to async mode, if needed</pre></li>
                
                  <li onclick="toggle('pre2568026239496', 'post2568026239496')"><pre>        if asyncio.iscoroutinefunction(self.get_response):</pre></li>
                
                  <li onclick="toggle('pre2568026239496', 'post2568026239496')"><pre>            return self.__acall__(request)</pre></li>
                
                  <li onclick="toggle('pre2568026239496', 'post2568026239496')"><pre>        response = None</pre></li>
                
                  <li onclick="toggle('pre2568026239496', 'post2568026239496')"><pre>        if hasattr(self, &#x27;process_request&#x27;):</pre></li>
                
                </ol>
              
              <ol start="113" class="context-line">
                <li onclick="toggle('pre2568026239496', 'post2568026239496')"><pre>            response = self.process_request(request)</pre> <span>…</span></li>
              </ol>
              
                <ol start='114' class="post-context" id="post2568026239496">
                  
                  <li onclick="toggle('pre2568026239496', 'post2568026239496')"><pre>        response = response or self.get_response(request)</pre></li>
                  
                  <li onclick="toggle('pre2568026239496', 'post2568026239496')"><pre>        if hasattr(self, &#x27;process_response&#x27;):</pre></li>
                  
                  <li onclick="toggle('pre2568026239496', 'post2568026239496')"><pre>            response = self.process_response(request, response)</pre></li>
                  
                  <li onclick="toggle('pre2568026239496', 'post2568026239496')"><pre>        return response</pre></li>
                  
                  <li onclick="toggle('pre2568026239496', 'post2568026239496')"><pre></pre></li>
                  
                  <li onclick="toggle('pre2568026239496', 'post2568026239496')"><pre>    async def __acall__(self, request):</pre></li>
                  
              </ol>
              
            </div>
          

          
            <div class="commands">
                
                    <a href="#" onclick="return varToggle(this, '2568026239496')"><span>&#x25b6;</span> Local vars</a>
                
            </div>
            <table class="vars" id="v2568026239496">
              <thead>
                <tr>
                  <th>Variable</th>
                  <th>Value</th>
                </tr>
              </thead>
              <tbody>
                
                  <tr>
                    <td>request</td>
                    <td class="code"><pre>&lt;WSGIRequest: POST &#x27;/blocks&#x27;&gt;</pre></td>
                  </tr>
                
                  <tr>
                    <td>response</td>
                    <td class="code"><pre>None</pre></td>
                  </tr>
                
                  <tr>
                    <td>self</td>
                    <td class="code"><pre>&lt;django.middleware.common.CommonMiddleware object at 0x00000255EA18C648&gt;</pre></td>
                  </tr>
                
              </tbody>
            </table>
          
        </li>
      
        
        <li class="frame django">
          <code class="fname">C:\Users\amey sonje\AppData\Local\Programs\Python\Python37\lib\site-packages\django\middleware\common.py</code>, line 54, in process_request

          
            <div class="context" id="c2568026240008">
              
                <ol start="47" class="pre-context" id="pre2568026240008">
                
                  <li onclick="toggle('pre2568026240008', 'post2568026240008')"><pre>        # Check for a redirect based on settings.PREPEND_WWW</pre></li>
                
                  <li onclick="toggle('pre2568026240008', 'post2568026240008')"><pre>        host = request.get_host()</pre></li>
                
                  <li onclick="toggle('pre2568026240008', 'post2568026240008')"><pre>        must_prepend = settings.PREPEND_WWW and host and not host.startswith(&#x27;www.&#x27;)</pre></li>
                
                  <li onclick="toggle('pre2568026240008', 'post2568026240008')"><pre>        redirect_url = (&#x27;%s://www.%s&#x27; % (request.scheme, host)) if must_prepend else &#x27;&#x27;</pre></li>
                
                  <li onclick="toggle('pre2568026240008', 'post2568026240008')"><pre></pre></li>
                
                  <li onclick="toggle('pre2568026240008', 'post2568026240008')"><pre>        # Check if a slash should be appended</pre></li>
                
                  <li onclick="toggle('pre2568026240008', 'post2568026240008')"><pre>        if self.should_redirect_with_slash(request):</pre></li>
                
                </ol>
              
              <ol start="54" class="context-line">
                <li onclick="toggle('pre2568026240008', 'post2568026240008')"><pre>            path = self.get_full_path_with_slash(request)</pre> <span>…</span></li>
              </ol>
              
                <ol start='55' class="post-context" id="post2568026240008">
                  
                  <li onclick="toggle('pre2568026240008', 'post2568026240008')"><pre>        else:</pre></li>
                  
                  <li onclick="toggle('pre2568026240008', 'post2568026240008')"><pre>            path = request.get_full_path()</pre></li>
                  
                  <li onclick="toggle('pre2568026240008', 'post2568026240008')"><pre></pre></li>
                  
                  <li onclick="toggle('pre2568026240008', 'post2568026240008')"><pre>        # Return a redirect if necessary</pre></li>
                  
                  <li onclick="toggle('pre2568026240008', 'post2568026240008')"><pre>        if redirect_url or path != request.get_full_path():</pre></li>
                  
                  <li onclick="toggle('pre2568026240008', 'post2568026240008')"><pre>            redirect_url += path</pre></li>
                  
              </ol>
              
            </div>
          

          
            <div class="commands">
                
                    <a href="#" onclick="return varToggle(this, '2568026240008')"><span>&#x25b6;</span> Local vars</a>
                
            </div>
            <table class="vars" id="v2568026240008">
              <thead>
                <tr>
                  <th>Variable</th>
                  <th>Value</th>
                </tr>
              </thead>
              <tbody>
                
                  <tr>
                    <td>host</td>
                    <td class="code"><pre>&#x27;172.18.16.1:8000&#x27;</pre></td>
                  </tr>
                
                  <tr>
                    <td>must_prepend</td>
                    <td class="code"><pre>False</pre></td>
                  </tr>
                
                  <tr>
                    <td>redirect_url</td>
                    <td class="code"><pre>&#x27;&#x27;</pre></td>
                  </tr>
                
                  <tr>
                    <td>request</td>
                    <td class="code"><pre>&lt;WSGIRequest: POST &#x27;/blocks&#x27;&gt;</pre></td>
                  </tr>
                
                  <tr>
                    <td>self</td>
                    <td class="code"><pre>&lt;django.middleware.common.CommonMiddleware object at 0x00000255EA18C648&gt;</pre></td>
                  </tr>
                
                  <tr>
                    <td>user_agent</td>
                    <td class="code"><pre>&#x27;python-requests/2.25.1&#x27;</pre></td>
                  </tr>
                
              </tbody>
            </table>
          
        </li>
      
        
        <li class="frame django">
          <code class="fname">C:\Users\amey sonje\AppData\Local\Programs\Python\Python37\lib\site-packages\django\middleware\common.py</code>, line 94, in get_full_path_with_slash

          
            <div class="context" id="c2568026242824">
              
                <ol start="87" class="pre-context" id="pre2568026242824">
                
                  <li onclick="toggle('pre2568026242824', 'post2568026242824')"><pre>            raise RuntimeError(</pre></li>
                
                  <li onclick="toggle('pre2568026242824', 'post2568026242824')"><pre>                &quot;You called this URL via %(method)s, but the URL doesn&#x27;t end &quot;</pre></li>
                
                  <li onclick="toggle('pre2568026242824', 'post2568026242824')"><pre>                &quot;in a slash and you have APPEND_SLASH set. Django can&#x27;t &quot;</pre></li>
                
                  <li onclick="toggle('pre2568026242824', 'post2568026242824')"><pre>                &quot;redirect to the slash URL while maintaining %(method)s data. &quot;</pre></li>
                
                  <li onclick="toggle('pre2568026242824', 'post2568026242824')"><pre>                &quot;Change your form to point to %(url)s (note the trailing &quot;</pre></li>
                
                  <li onclick="toggle('pre2568026242824', 'post2568026242824')"><pre>                &quot;slash), or set APPEND_SLASH=False in your Django settings.&quot; % {</pre></li>
                
                  <li onclick="toggle('pre2568026242824', 'post2568026242824')"><pre>                    &#x27;method&#x27;: request.method,</pre></li>
                
                </ol>
              
              <ol start="94" class="context-line">
                <li onclick="toggle('pre2568026242824', 'post2568026242824')"><pre>                    &#x27;url&#x27;: request.get_host() + new_path,</pre> <span>…</span></li>
              </ol>
              
                <ol start='95' class="post-context" id="post2568026242824">
                  
                  <li onclick="toggle('pre2568026242824', 'post2568026242824')"><pre>                }</pre></li>
                  
                  <li onclick="toggle('pre2568026242824', 'post2568026242824')"><pre>            )</pre></li>
                  
                  <li onclick="toggle('pre2568026242824', 'post2568026242824')"><pre>        return new_path</pre></li>
                  
                  <li onclick="toggle('pre2568026242824', 'post2568026242824')"><pre></pre></li>
                  
                  <li onclick="toggle('pre2568026242824', 'post2568026242824')"><pre>    def process_response(self, request, response):</pre></li>
                  
                  <li onclick="toggle('pre2568026242824', 'post2568026242824')"><pre>        &quot;&quot;&quot;</pre></li>
                  
              </ol>
              
            </div>
          

          
            <div class="commands">
                
                    <a href="#" onclick="return varToggle(this, '2568026242824')"><span>&#x25b6;</span> Local vars</a>
                
            </div>
            <table class="vars" id="v2568026242824">
              <thead>
                <tr>
                  <th>Variable</th>
                  <th>Value</th>
                </tr>
              </thead>
              <tbody>
                
                  <tr>
                    <td>new_path</td>
                    <td class="code"><pre>&#x27;/blocks/&#x27;</pre></td>
                  </tr>
                
                  <tr>
                    <td>request</td>
                    <td class="code"><pre>&lt;WSGIRequest: POST &#x27;/blocks&#x27;&gt;</pre></td>
                  </tr>
                
                  <tr>
                    <td>self</td>
                    <td class="code"><pre>&lt;django.middleware.common.CommonMiddleware object at 0x00000255EA18C648&gt;</pre></td>
                  </tr>
                
              </tbody>
            </table>
          
        </li>
      
    </ul>
  </div>
  <form action="http://dpaste.com/" name="pasteform" id="pasteform" method="post">

  <div id="pastebinTraceback" class="pastebin">
    <input type="hidden" name="language" value="PythonConsole">
    <input type="hidden" name="title"
      value="RuntimeError at /blocks">
    <input type="hidden" name="source" value="Django Dpaste Agent">
    <input type="hidden" name="poster" value="Django">
    <textarea name="content" id="traceback_area" cols="140" rows="25">
Environment:


Request Method: POST
Request URL: http://172.18.16.1:8000/blocks

Django Version: 3.1
Python Version: 3.7.4
Installed Applications:
[&#x27;django.contrib.admin&#x27;,
 &#x27;django.contrib.auth&#x27;,
 &#x27;django.contrib.contenttypes&#x27;,
 &#x27;django.contrib.sessions&#x27;,
 &#x27;django.contrib.messages&#x27;,
 &#x27;django.contrib.staticfiles&#x27;,
 &#x27;django_backend.api&#x27;,
 &#x27;corsheaders&#x27;,
 &#x27;djangotoolbox&#x27;,
 &#x27;rest_framework&#x27;]
Installed Middleware:
[&#x27;corsheaders.middleware.CorsMiddleware&#x27;,
 &#x27;django.middleware.security.SecurityMiddleware&#x27;,
 &#x27;django.contrib.sessions.middleware.SessionMiddleware&#x27;,
 &#x27;django.middleware.common.CommonMiddleware&#x27;,
 &#x27;django.middleware.csrf.CsrfViewMiddleware&#x27;,
 &#x27;django.contrib.auth.middleware.AuthenticationMiddleware&#x27;,
 &#x27;django.contrib.messages.middleware.MessageMiddleware&#x27;,
 &#x27;django.middleware.clickjacking.XFrameOptionsMiddleware&#x27;,
 &#x27;django.middleware.common.CommonMiddleware&#x27;]



Traceback (most recent call last):
  File "C:\Users\amey sonje\AppData\Local\Programs\Python\Python37\lib\site-packages\django\core\handlers\exception.py", line 47, in inner
    response = get_response(request)
  File "C:\Users\amey sonje\AppData\Local\Programs\Python\Python37\lib\site-packages\django\utils\deprecation.py", line 113, in __call__
    response = self.process_request(request)
  File "C:\Users\amey sonje\AppData\Local\Programs\Python\Python37\lib\site-packages\django\middleware\common.py", line 54, in process_request
    path = self.get_full_path_with_slash(request)
  File "C:\Users\amey sonje\AppData\Local\Programs\Python\Python37\lib\site-packages\django\middleware\common.py", line 94, in get_full_path_with_slash
    &#x27;url&#x27;: request.get_host() + new_path,

Exception Type: RuntimeError at /blocks
Exception Value: You called this URL via POST, but the URL doesn&#x27;t end in a slash and you have APPEND_SLASH set. Django can&#x27;t redirect to the slash URL while maintaining POST data. Change your form to point to 172.18.16.1:8000/blocks/ (note the trailing slash), or set APPEND_SLASH=False in your Django settings.
</textarea>
  <br><br>
  <input type="submit" value="Share this traceback on a public website">
  </div>
</form>
</div>



<div id="requestinfo">
  <h2>Request information</h2>


  
    <h3 id="user-info">USER</h3>
    <p>[unable to retrieve the current user]</p>
  

  <h3 id="get-info">GET</h3>
  
    <p>No GET data</p>
  

  <h3 id="post-info">POST</h3>
  
    <p>No POST data</p>
  
  <h3 id="files-info">FILES</h3>
  
    <p>No FILES data</p>
  


  <h3 id="cookie-info">COOKIES</h3>
  
    <p>No cookie data</p>
  

  <h3 id="meta-info">META</h3>
  <table class="req">
    <thead>
      <tr>
        <th>Variable</th>
        <th>Value</th>
      </tr>
    </thead>
    <tbody>
      
        <tr>
          <td>ALLUSERSPROFILE</td>
          <td class="code"><pre>&#x27;C:\\ProgramData&#x27;</pre></td>
        </tr>
      
        <tr>
          <td>APPDATA</td>
          <td class="code"><pre>&#x27;C:\\Users\\amey sonje\\AppData\\Roaming&#x27;</pre></td>
        </tr>
      
        <tr>
          <td>CHOCOLATEYINSTALL</td>
          <td class="code"><pre>&#x27;C:\\ProgramData\\chocolatey&#x27;</pre></td>
        </tr>
      
        <tr>
          <td>CHOCOLATEYLASTPATHUPDATE</td>
          <td class="code"><pre>&#x27;132220817536704923&#x27;</pre></td>
        </tr>
      
        <tr>
          <td>COMMONPROGRAMFILES</td>
          <td class="code"><pre>&#x27;C:\\Program Files\\Common Files&#x27;</pre></td>
        </tr>
      
        <tr>
          <td>COMMONPROGRAMFILES(X86)</td>
          <td class="code"><pre>&#x27;C:\\Program Files (x86)\\Common Files&#x27;</pre></td>
        </tr>
      
        <tr>
          <td>COMMONPROGRAMW6432</td>
          <td class="code"><pre>&#x27;C:\\Program Files\\Common Files&#x27;</pre></td>
        </tr>
      
        <tr>
          <td>COMPUTERNAME</td>
          <td class="code"><pre>&#x27;LAPTOP-VOMBEHBK&#x27;</pre></td>
        </tr>
      
        <tr>
          <td>COMSPEC</td>
          <td class="code"><pre>&#x27;C:\\WINDOWS\\system32\\cmd.exe&#x27;</pre></td>
        </tr>
      
        <tr>
          <td>CONFIGSETROOT</td>
          <td class="code"><pre>&#x27;C:\\WINDOWS\\ConfigSetRoot&#x27;</pre></td>
        </tr>
      
        <tr>
          <td>CONTENT_LENGTH</td>
          <td class="code"><pre>&#x27;591&#x27;</pre></td>
        </tr>
      
        <tr>
          <td>CONTENT_TYPE</td>
          <td class="code"><pre>&#x27;application/json&#x27;</pre></td>
        </tr>
      
        <tr>
          <td>DJANGO_SETTINGS_MODULE</td>
          <td class="code"><pre>&#x27;django_backend.settings&#x27;</pre></td>
        </tr>
      
        <tr>
          <td>DRIVERDATA</td>
          <td class="code"><pre>&#x27;C:\\Windows\\System32\\Drivers\\DriverData&#x27;</pre></td>
        </tr>
      
        <tr>
          <td>GATEWAY_INTERFACE</td>
          <td class="code"><pre>&#x27;CGI/1.1&#x27;</pre></td>
        </tr>
      
        <tr>
          <td>GOOGLE_API_KEY</td>
          <td class="code"><pre>&#x27;********************&#x27;</pre></td>
        </tr>
      
        <tr>
          <td>GOOGLE_DEFAULT_CLIENT_ID</td>
          <td class="code"><pre>&#x27;no&#x27;</pre></td>
        </tr>
      
        <tr>
          <td>GOOGLE_DEFAULT_CLIENT_SECRET</td>
          <td class="code"><pre>&#x27;********************&#x27;</pre></td>
        </tr>
      
        <tr>
          <td>HOMEDRIVE</td>
          <td class="code"><pre>&#x27;C:&#x27;</pre></td>
        </tr>
      
        <tr>
          <td>HOMEPATH</td>
          <td class="code"><pre>&#x27;\\Users\\amey sonje&#x27;</pre></td>
        </tr>
      
        <tr>
          <td>HTTP_ACCEPT</td>
          <td class="code"><pre>&#x27;*/*&#x27;</pre></td>
        </tr>
      
        <tr>
          <td>HTTP_ACCEPT_ENCODING</td>
          <td class="code"><pre>&#x27;gzip, deflate&#x27;</pre></td>
        </tr>
      
        <tr>
          <td>HTTP_CONNECTION</td>
          <td class="code"><pre>&#x27;keep-alive&#x27;</pre></td>
        </tr>
      
        <tr>
          <td>HTTP_HOST</td>
          <td class="code"><pre>&#x27;172.18.16.1:8000&#x27;</pre></td>
        </tr>
      
        <tr>
          <td>HTTP_USER_AGENT</td>
          <td class="code"><pre>&#x27;python-requests/2.25.1&#x27;</pre></td>
        </tr>
      
        <tr>
          <td>IDEA_INITIAL_DIRECTORY</td>
          <td class="code"><pre>&#x27;C:\\Program Files\\JetBrains\\PyCharm Community Edition 2020.2\\bin&#x27;</pre></td>
        </tr>
      
        <tr>
          <td>JAVA_HOME</td>
          <td class="code"><pre>&#x27;C:\\Program Files\\Java\\jdk-11.0.4&#x27;</pre></td>
        </tr>
      
        <tr>
          <td>KMP_DUPLICATE_LIB_OK</td>
          <td class="code"><pre>&#x27;TRUE&#x27;</pre></td>
        </tr>
      
        <tr>
          <td>LMC_HOME</td>
          <td class="code"><pre>&#x27;C:\\Xilinx92i\\smartmodel\\nt\\installed_nt&#x27;</pre></td>
        </tr>
      
        <tr>
          <td>LOCALAPPDATA</td>
          <td class="code"><pre>&#x27;C:\\Users\\amey sonje\\AppData\\Local&#x27;</pre></td>
        </tr>
      
        <tr>
          <td>LOGONSERVER</td>
          <td class="code"><pre>&#x27;\\\\LAPTOP-VOMBEHBK&#x27;</pre></td>
        </tr>
      
        <tr>
          <td>MKL_SERIAL</td>
          <td class="code"><pre>&#x27;YES&#x27;</pre></td>
        </tr>
      
        <tr>
          <td>NIEXTCCOMPILERSUPP</td>
          <td class="code"><pre>(&#x27;C:\\Program Files (x86)\\National &#x27;
 &#x27;Instruments\\Shared\\ExternalCompilerSupport\\C\\&#x27;)</pre></td>
        </tr>
      
        <tr>
          <td>NUMBER_OF_PROCESSORS</td>
          <td class="code"><pre>&#x27;8&#x27;</pre></td>
        </tr>
      
        <tr>
          <td>ONEDRIVE</td>
          <td class="code"><pre>&#x27;C:\\Users\\amey sonje\\OneDrive&#x27;</pre></td>
        </tr>
      
        <tr>
          <td>ONEDRIVECONSUMER</td>
          <td class="code"><pre>&#x27;C:\\Users\\amey sonje\\OneDrive&#x27;</pre></td>
        </tr>
      
        <tr>
          <td>OS</td>
          <td class="code"><pre>&#x27;Windows_NT&#x27;</pre></td>
        </tr>
      
        <tr>
          <td>PATH</td>
          <td class="code"><pre>(&#x27;C:\\Users\\amey &#x27;
 &#x27;sonje\\AppData\\Local\\Programs\\Python\\Python37\\lib\\site-packages\\pywin32_system32;C:\\Users\\amey &#x27;
 &#x27;sonje\\AppData\\Local\\Programs\\Python\\Python37\\lib\\site-packages\\pywin32_system32;C:\\Program &#x27;
 &#x27;Files (x86)\\Microsoft SDKs\\Azure\\CLI2\\wbin;C:\\Users\\amey &#x27;
 &#x27;sonje\\AppData\\Local\\Programs\\Python\\Python37;C:\\Python37\\Scripts;C:\\Python37\\;C:\\ProgramData\\Oracle\\Java\\javapath;C:\\Program &#x27;
 &#x27;Files\\Java\\jdk-11.0.4\\bin;C:\\Program Files\\MATLAB\\MATLAB Production &#x27;
 &#x27;Server\\R2015a\\polyspace\\bin;C:\\WINDOWS\\system32;C:\\Program &#x27;
 &#x27;Files\\nodejs\\;C:\\ProgramData\\chocolatey\\bin;C:\\Xilinx92i\\bin\\nt;C:\\Program &#x27;
 &#x27;Files\\MATLAB\\MATLAB Production Server\\R2015a\\runtime\\win64;C:\\Program &#x27;
 &#x27;Files\\MATLAB\\MATLAB Production Server\\R2015a\\bin;C:\\Users\\amey &#x27;
 &#x27;sonje\\Desktop\\IntechDemo\\dex2jar-2.0\\apktool.bat;C:\\Users\\amey &#x27;
 &#x27;sonje\\Desktop\\IntechDemo\\dex2jar-2.0\\apktool.jar;C:\\Program &#x27;
 &#x27;Files\\MySQL\\MySQL Utilities &#x27;
 &#x27;1.6\\;C:\\WINDOWS;C:\\WINDOWS\\System32\\Wbem;C:\\WINDOWS\\System32\\WindowsPowerShell\\v1.0\\;C:\\WINDOWS\\System32\\OpenSSH\\;C:\\Program &#x27;
 &#x27;Files\\Git\\cmd;C:\\Program Files\\Microsoft VS Code\\bin;C:\\Program &#x27;
 &#x27;Files\\Docker\\Docker\\resources\\bin;C:\\ProgramData\\DockerDesktop\\version-bin;C:\\Users\\amey &#x27;
 &#x27;sonje\\AppData\\Local\\Programs\\Python\\Python37\\;C:\\Users\\amey &#x27;
 &#x27;sonje\\AppData\\Local\\Programs\\Python\\Python37\\Scripts\\;&quot;%PYTHONPATH%;%PYTHONPATH%\\Lib;%PYTHONPATH%\\DLLs;%PYTHONPATH%\\Lib\\lib-tk;&quot;;C:\\Program &#x27;
 &#x27;Files\\JetBrains\\PyCharm Community Edition 2020.2\\bin;C:\\Program &#x27;
 &#x27;Files\\MySQL\\MySQL Shell 8.0\\bin\\;C:\\Windows\\System32;C:\\Users\\amey &#x27;
 &#x27;sonje\\AppData\\Roaming\\npm;C:\\Users\\amey &#x27;
 &#x27;sonje\\AppData\\Local\\Programs\\Microsoft VS Code\\bin;C:\\Program &#x27;
 &#x27;Files\\Git\\bin;C:\\Program Files\\Git\\cmd;C:\\Users\\amey &#x27;
 &#x27;sonje\\AppData\\Local\\Microsoft\\WindowsApps;C:\\Program &#x27;
 &#x27;Files\\heroku\\bin;C:\\Users\\amey &#x27;
 &#x27;sonje\\AppData\\Local\\Microsoft\\WindowsApps;&#x27;)</pre></td>
        </tr>
      
        <tr>
          <td>PATHEXT</td>
          <td class="code"><pre>&#x27;.COM;.EXE;.BAT;.CMD;.VBS;.VBE;.JS;.JSE;.WSF;.WSH;.MSC&#x27;</pre></td>
        </tr>
      
        <tr>
          <td>PATH_INFO</td>
          <td class="code"><pre>&#x27;/blocks&#x27;</pre></td>
        </tr>
      
        <tr>
          <td>PROCESSOR_ARCHITECTURE</td>
          <td class="code"><pre>&#x27;AMD64&#x27;</pre></td>
        </tr>
      
        <tr>
          <td>PROCESSOR_IDENTIFIER</td>
          <td class="code"><pre>&#x27;Intel64 Family 6 Model 142 Stepping 10, GenuineIntel&#x27;</pre></td>
        </tr>
      
        <tr>
          <td>PROCESSOR_LEVEL</td>
          <td class="code"><pre>&#x27;6&#x27;</pre></td>
        </tr>
      
        <tr>
          <td>PROCESSOR_REVISION</td>
          <td class="code"><pre>&#x27;8e0a&#x27;</pre></td>
        </tr>
      
        <tr>
          <td>PROGRAMDATA</td>
          <td class="code"><pre>&#x27;C:\\ProgramData&#x27;</pre></td>
        </tr>
      
        <tr>
          <td>PROGRAMFILES</td>
          <td class="code"><pre>&#x27;C:\\Program Files&#x27;</pre></td>
        </tr>
      
        <tr>
          <td>PROGRAMFILES(X86)</td>
          <td class="code"><pre>&#x27;C:\\Program Files (x86)&#x27;</pre></td>
        </tr>
      
        <tr>
          <td>PROGRAMW6432</td>
          <td class="code"><pre>&#x27;C:\\Program Files&#x27;</pre></td>
        </tr>
      
        <tr>
          <td>PROMPT</td>
          <td class="code"><pre>&#x27;$P$G&#x27;</pre></td>
        </tr>
      
        <tr>
          <td>PSMODULEPATH</td>
          <td class="code"><pre>(&#x27;C:\\Program &#x27;
 &#x27;Files\\WindowsPowerShell\\Modules;C:\\WINDOWS\\system32\\WindowsPowerShell\\v1.0\\Modules&#x27;)</pre></td>
        </tr>
      
        <tr>
          <td>PUBLIC</td>
          <td class="code"><pre>&#x27;C:\\Users\\Public&#x27;</pre></td>
        </tr>
      
        <tr>
          <td>PYCHARM COMMUNITY EDITION</td>
          <td class="code"><pre>&#x27;C:\\Program Files\\JetBrains\\PyCharm Community Edition 2020.2\\bin;&#x27;</pre></td>
        </tr>
      
        <tr>
          <td>QUERY_STRING</td>
          <td class="code"><pre>&#x27;&#x27;</pre></td>
        </tr>
      
        <tr>
          <td>REMOTE_ADDR</td>
          <td class="code"><pre>&#x27;172.18.16.1&#x27;</pre></td>
        </tr>
      
        <tr>
          <td>REMOTE_HOST</td>
          <td class="code"><pre>&#x27;&#x27;</pre></td>
        </tr>
      
        <tr>
          <td>REQUEST_METHOD</td>
          <td class="code"><pre>&#x27;POST&#x27;</pre></td>
        </tr>
      
        <tr>
          <td>RUN_MAIN</td>
          <td class="code"><pre>&#x27;true&#x27;</pre></td>
        </tr>
      
        <tr>
          <td>SCRIPT_NAME</td>
          <td class="code"><pre>&#x27;&#x27;</pre></td>
        </tr>
      
        <tr>
          <td>SERVER_NAME</td>
          <td class="code"><pre>&#x27;LAPTOP-VOMBEHBK.mshome.net&#x27;</pre></td>
        </tr>
      
        <tr>
          <td>SERVER_PORT</td>
          <td class="code"><pre>&#x27;8000&#x27;</pre></td>
        </tr>
      
        <tr>
          <td>SERVER_PROTOCOL</td>
          <td class="code"><pre>&#x27;HTTP/1.1&#x27;</pre></td>
        </tr>
      
        <tr>
          <td>SERVER_SOFTWARE</td>
          <td class="code"><pre>&#x27;WSGIServer/0.2&#x27;</pre></td>
        </tr>
      
        <tr>
          <td>SESSIONNAME</td>
          <td class="code"><pre>&#x27;Console&#x27;</pre></td>
        </tr>
      
        <tr>
          <td>SYSTEMDRIVE</td>
          <td class="code"><pre>&#x27;C:&#x27;</pre></td>
        </tr>
      
        <tr>
          <td>SYSTEMROOT</td>
          <td class="code"><pre>&#x27;C:\\WINDOWS&#x27;</pre></td>
        </tr>
      
        <tr>
          <td>TEMP</td>
          <td class="code"><pre>&#x27;C:\\Users\\AMEYSO~1\\AppData\\Local\\Temp&#x27;</pre></td>
        </tr>
      
        <tr>
          <td>TERMINAL_EMULATOR</td>
          <td class="code"><pre>&#x27;JetBrains-JediTerm&#x27;</pre></td>
        </tr>
      
        <tr>
          <td>TMP</td>
          <td class="code"><pre>&#x27;C:\\Users\\AMEYSO~1\\AppData\\Local\\Temp&#x27;</pre></td>
        </tr>
      
        <tr>
          <td>USERDOMAIN</td>
          <td class="code"><pre>&#x27;LAPTOP-VOMBEHBK&#x27;</pre></td>
        </tr>
      
        <tr>
          <td>USERDOMAIN_ROAMINGPROFILE</td>
          <td class="code"><pre>&#x27;LAPTOP-VOMBEHBK&#x27;</pre></td>
        </tr>
      
        <tr>
          <td>USERNAME</td>
          <td class="code"><pre>&#x27;amey sonje&#x27;</pre></td>
        </tr>
      
        <tr>
          <td>USERPROFILE</td>
          <td class="code"><pre>&#x27;C:\\Users\\amey sonje&#x27;</pre></td>
        </tr>
      
        <tr>
          <td>VS140COMNTOOLS</td>
          <td class="code"><pre>&#x27;C:\\Program Files (x86)\\Microsoft Visual Studio 14.0\\Common7\\Tools\\&#x27;</pre></td>
        </tr>
      
        <tr>
          <td>WINDIR</td>
          <td class="code"><pre>&#x27;C:\\WINDOWS&#x27;</pre></td>
        </tr>
      
        <tr>
          <td>XILINX</td>
          <td class="code"><pre>&#x27;C:\\Xilinx92i&#x27;</pre></td>
        </tr>
      
        <tr>
          <td>ZES_ENABLE_SYSMAN</td>
          <td class="code"><pre>&#x27;1&#x27;</pre></td>
        </tr>
      
        <tr>
          <td>__COMPAT_LAYER</td>
          <td class="code"><pre>&#x27;DetectorsShimLog&#x27;</pre></td>
        </tr>
      
        <tr>
          <td>__INTELLIJ_COMMAND_HISTFILE__</td>
          <td class="code"><pre>(&#x27;C:\\Users\\amey &#x27;
 &#x27;sonje\\AppData\\Roaming\\JetBrains\\PyCharmCE2020.2\\terminal\\history\\history-9&#x27;)</pre></td>
        </tr>
      
        <tr>
          <td>wsgi.errors</td>
          <td class="code"><pre>&lt;_io.TextIOWrapper name=&#x27;&lt;stderr&gt;&#x27; mode=&#x27;w&#x27; encoding=&#x27;utf-8&#x27;&gt;</pre></td>
        </tr>
      
        <tr>
          <td>wsgi.file_wrapper</td>
          <td class="code"><pre>&lt;class &#x27;wsgiref.util.FileWrapper&#x27;&gt;</pre></td>
        </tr>
      
        <tr>
          <td>wsgi.input</td>
          <td class="code"><pre>&lt;django.core.handlers.wsgi.LimitedStream object at 0x00000255E9704D48&gt;</pre></td>
        </tr>
      
        <tr>
          <td>wsgi.multiprocess</td>
          <td class="code"><pre>False</pre></td>
        </tr>
      
        <tr>
          <td>wsgi.multithread</td>
          <td class="code"><pre>True</pre></td>
        </tr>
      
        <tr>
          <td>wsgi.run_once</td>
          <td class="code"><pre>False</pre></td>
        </tr>
      
        <tr>
          <td>wsgi.url_scheme</td>
          <td class="code"><pre>&#x27;http&#x27;</pre></td>
        </tr>
      
        <tr>
          <td>wsgi.version</td>
          <td class="code"><pre>(1, 0)</pre></td>
        </tr>
      
    </tbody>
  </table>


  <h3 id="settings-info">Settings</h3>
  <h4>Using settings module <code>django_backend.settings</code></h4>
  <table class="req">
    <thead>
      <tr>
        <th>Setting</th>
        <th>Value</th>
      </tr>
    </thead>
    <tbody>
      
        <tr>
          <td>ABSOLUTE_URL_OVERRIDES</td>
          <td class="code"><pre>{}</pre></td>
        </tr>
      
        <tr>
          <td>ADMINS</td>
          <td class="code"><pre>[]</pre></td>
        </tr>
      
        <tr>
          <td>ALLOWED_HOSTS</td>
          <td class="code"><pre>[&#x27;*&#x27;]</pre></td>
        </tr>
      
        <tr>
          <td>APPEND_SLASH</td>
          <td class="code"><pre>True</pre></td>
        </tr>
      
        <tr>
          <td>AUTHENTICATION_BACKENDS</td>
          <td class="code"><pre>[&#x27;django.contrib.auth.backends.ModelBackend&#x27;]</pre></td>
        </tr>
      
        <tr>
          <td>AUTH_PASSWORD_VALIDATORS</td>
          <td class="code"><pre>&#x27;********************&#x27;</pre></td>
        </tr>
      
        <tr>
          <td>AUTH_USER_MODEL</td>
          <td class="code"><pre>&#x27;auth.User&#x27;</pre></td>
        </tr>
      
        <tr>
          <td>BASE_DIR</td>
          <td class="code"><pre>WindowsPath(&#x27;C:/Users/amey sonje/Desktop/django_backend&#x27;)</pre></td>
        </tr>
      
        <tr>
          <td>CACHES</td>
          <td class="code"><pre>{&#x27;default&#x27;: {&#x27;BACKEND&#x27;: &#x27;django.core.cache.backends.locmem.LocMemCache&#x27;}}</pre></td>
        </tr>
      
        <tr>
          <td>CACHE_MIDDLEWARE_ALIAS</td>
          <td class="code"><pre>&#x27;default&#x27;</pre></td>
        </tr>
      
        <tr>
          <td>CACHE_MIDDLEWARE_KEY_PREFIX</td>
          <td class="code"><pre>&#x27;********************&#x27;</pre></td>
        </tr>
      
        <tr>
          <td>CACHE_MIDDLEWARE_SECONDS</td>
          <td class="code"><pre>600</pre></td>
        </tr>
      
        <tr>
          <td>CORS_ALLOWED_ORIGINS</td>
          <td class="code"><pre>[&#x27;http://localhost:4200&#x27;,
 &#x27;https://circuitscribe.herokuapp.com&#x27;,
 &#x27;http://localhost:8080&#x27;]</pre></td>
        </tr>
      
        <tr>
          <td>CORS_ALLOW_ALL_ORIGINS</td>
          <td class="code"><pre>True</pre></td>
        </tr>
      
        <tr>
          <td>CORS_ALLOW_CREDENTIALS</td>
          <td class="code"><pre>True</pre></td>
        </tr>
      
        <tr>
          <td>CORS_ALLOW_HEADERS</td>
          <td class="code"><pre>[&#x27;accept&#x27;,
 &#x27;accept-encoding&#x27;,
 &#x27;authorization&#x27;,
 &#x27;content-type&#x27;,
 &#x27;dnt&#x27;,
 &#x27;origin&#x27;,
 &#x27;user-agent&#x27;,
 &#x27;x-csrftoken&#x27;,
 &#x27;x-requested-with&#x27;,
 &#x27;Access-Control-Allow-Origin&#x27;]</pre></td>
        </tr>
      
        <tr>
          <td>CORS_ALLOW_METHODS</td>
          <td class="code"><pre>(&#x27;DELETE&#x27;, &#x27;GET&#x27;, &#x27;OPTIONS&#x27;, &#x27;PATCH&#x27;, &#x27;POST&#x27;, &#x27;PUT&#x27;)</pre></td>
        </tr>
      
        <tr>
          <td>CORS_ORIGIN_ALLOW_ALL</td>
          <td class="code"><pre>True</pre></td>
        </tr>
      
        <tr>
          <td>CORS_ORIGIN_WHITELIST</td>
          <td class="code"><pre>(&#x27;http://localhost:4200&#x27;,
 &#x27;https://circuitscribe.herokuapp.com&#x27;,
 &#x27;http://localhost:8080&#x27;)</pre></td>
        </tr>
      
        <tr>
          <td>CSRF_COOKIE_AGE</td>
          <td class="code"><pre>31449600</pre></td>
        </tr>
      
        <tr>
          <td>CSRF_COOKIE_DOMAIN</td>
          <td class="code"><pre>None</pre></td>
        </tr>
      
        <tr>
          <td>CSRF_COOKIE_HTTPONLY</td>
          <td class="code"><pre>False</pre></td>
        </tr>
      
        <tr>
          <td>CSRF_COOKIE_NAME</td>
          <td class="code"><pre>&#x27;csrftoken&#x27;</pre></td>
        </tr>
      
        <tr>
          <td>CSRF_COOKIE_PATH</td>
          <td class="code"><pre>&#x27;/&#x27;</pre></td>
        </tr>
      
        <tr>
          <td>CSRF_COOKIE_SAMESITE</td>
          <td class="code"><pre>&#x27;Lax&#x27;</pre></td>
        </tr>
      
        <tr>
          <td>CSRF_COOKIE_SECURE</td>
          <td class="code"><pre>False</pre></td>
        </tr>
      
        <tr>
          <td>CSRF_FAILURE_VIEW</td>
          <td class="code"><pre>&#x27;django.views.csrf.csrf_failure&#x27;</pre></td>
        </tr>
      
        <tr>
          <td>CSRF_HEADER_NAME</td>
          <td class="code"><pre>&#x27;HTTP_X_CSRFTOKEN&#x27;</pre></td>
        </tr>
      
        <tr>
          <td>CSRF_TRUSTED_ORIGINS</td>
          <td class="code"><pre>[]</pre></td>
        </tr>
      
        <tr>
          <td>CSRF_USE_SESSIONS</td>
          <td class="code"><pre>False</pre></td>
        </tr>
      
        <tr>
          <td>DATABASES</td>
          <td class="code"><pre>{&#x27;default&#x27;: {&#x27;ATOMIC_REQUESTS&#x27;: False,
             &#x27;AUTOCOMMIT&#x27;: True,
             &#x27;CONN_MAX_AGE&#x27;: 0,
             &#x27;ENGINE&#x27;: &#x27;django.db.backends.sqlite3&#x27;,
             &#x27;HOST&#x27;: &#x27;&#x27;,
             &#x27;NAME&#x27;: WindowsPath(&#x27;C:/Users/amey sonje/Desktop/django_backend/db.sqlite3&#x27;),
             &#x27;OPTIONS&#x27;: {},
             &#x27;PASSWORD&#x27;: &#x27;********************&#x27;,
             &#x27;PORT&#x27;: &#x27;&#x27;,
             &#x27;TEST&#x27;: {&#x27;CHARSET&#x27;: None,
                      &#x27;COLLATION&#x27;: None,
                      &#x27;MIGRATE&#x27;: True,
                      &#x27;MIRROR&#x27;: None,
                      &#x27;NAME&#x27;: None},
             &#x27;TIME_ZONE&#x27;: None,
             &#x27;USER&#x27;: &#x27;&#x27;}}</pre></td>
        </tr>
      
        <tr>
          <td>DATABASE_ROUTERS</td>
          <td class="code"><pre>[]</pre></td>
        </tr>
      
        <tr>
          <td>DATA_UPLOAD_MAX_MEMORY_SIZE</td>
          <td class="code"><pre>2621440</pre></td>
        </tr>
      
        <tr>
          <td>DATA_UPLOAD_MAX_NUMBER_FIELDS</td>
          <td class="code"><pre>1000</pre></td>
        </tr>
      
        <tr>
          <td>DATETIME_FORMAT</td>
          <td class="code"><pre>&#x27;N j, Y, P&#x27;</pre></td>
        </tr>
      
        <tr>
          <td>DATETIME_INPUT_FORMATS</td>
          <td class="code"><pre>[&#x27;%Y-%m-%d %H:%M:%S&#x27;,
 &#x27;%Y-%m-%d %H:%M:%S.%f&#x27;,
 &#x27;%Y-%m-%d %H:%M&#x27;,
 &#x27;%m/%d/%Y %H:%M:%S&#x27;,
 &#x27;%m/%d/%Y %H:%M:%S.%f&#x27;,
 &#x27;%m/%d/%Y %H:%M&#x27;,
 &#x27;%m/%d/%y %H:%M:%S&#x27;,
 &#x27;%m/%d/%y %H:%M:%S.%f&#x27;,
 &#x27;%m/%d/%y %H:%M&#x27;]</pre></td>
        </tr>
      
        <tr>
          <td>DATE_FORMAT</td>
          <td class="code"><pre>&#x27;N j, Y&#x27;</pre></td>
        </tr>
      
        <tr>
          <td>DATE_INPUT_FORMATS</td>
          <td class="code"><pre>[&#x27;%Y-%m-%d&#x27;,
 &#x27;%m/%d/%Y&#x27;,
 &#x27;%m/%d/%y&#x27;,
 &#x27;%b %d %Y&#x27;,
 &#x27;%b %d, %Y&#x27;,
 &#x27;%d %b %Y&#x27;,
 &#x27;%d %b, %Y&#x27;,
 &#x27;%B %d %Y&#x27;,
 &#x27;%B %d, %Y&#x27;,
 &#x27;%d %B %Y&#x27;,
 &#x27;%d %B, %Y&#x27;]</pre></td>
        </tr>
      
        <tr>
          <td>DEBUG</td>
          <td class="code"><pre>True</pre></td>
        </tr>
      
        <tr>
          <td>DEBUG_PROPAGATE_EXCEPTIONS</td>
          <td class="code"><pre>False</pre></td>
        </tr>
      
        <tr>
          <td>DECIMAL_SEPARATOR</td>
          <td class="code"><pre>&#x27;.&#x27;</pre></td>
        </tr>
      
        <tr>
          <td>DEFAULT_CHARSET</td>
          <td class="code"><pre>&#x27;utf-8&#x27;</pre></td>
        </tr>
      
        <tr>
          <td>DEFAULT_EXCEPTION_REPORTER</td>
          <td class="code"><pre>&#x27;django.views.debug.ExceptionReporter&#x27;</pre></td>
        </tr>
      
        <tr>
          <td>DEFAULT_EXCEPTION_REPORTER_FILTER</td>
          <td class="code"><pre>&#x27;django.views.debug.SafeExceptionReporterFilter&#x27;</pre></td>
        </tr>
      
        <tr>
          <td>DEFAULT_FILE_STORAGE</td>
          <td class="code"><pre>&#x27;django.core.files.storage.FileSystemStorage&#x27;</pre></td>
        </tr>
      
        <tr>
          <td>DEFAULT_FROM_EMAIL</td>
          <td class="code"><pre>&#x27;webmaster@localhost&#x27;</pre></td>
        </tr>
      
        <tr>
          <td>DEFAULT_HASHING_ALGORITHM</td>
          <td class="code"><pre>&#x27;sha256&#x27;</pre></td>
        </tr>
      
        <tr>
          <td>DEFAULT_INDEX_TABLESPACE</td>
          <td class="code"><pre>&#x27;&#x27;</pre></td>
        </tr>
      
        <tr>
          <td>DEFAULT_TABLESPACE</td>
          <td class="code"><pre>&#x27;&#x27;</pre></td>
        </tr>
      
        <tr>
          <td>DISALLOWED_USER_AGENTS</td>
          <td class="code"><pre>[]</pre></td>
        </tr>
      
        <tr>
          <td>EMAIL_BACKEND</td>
          <td class="code"><pre>&#x27;django.core.mail.backends.smtp.EmailBackend&#x27;</pre></td>
        </tr>
      
        <tr>
          <td>EMAIL_HOST</td>
          <td class="code"><pre>&#x27;smtp.gmail.com&#x27;</pre></td>
        </tr>
      
        <tr>
          <td>EMAIL_HOST_PASSWORD</td>
          <td class="code"><pre>&#x27;********************&#x27;</pre></td>
        </tr>
      
        <tr>
          <td>EMAIL_HOST_USER</td>
          <td class="code"><pre>&#x27;circuitscribeapp@gmail.com&#x27;</pre></td>
        </tr>
      
        <tr>
          <td>EMAIL_PORT</td>
          <td class="code"><pre>587</pre></td>
        </tr>
      
        <tr>
          <td>EMAIL_SSL_CERTFILE</td>
          <td class="code"><pre>None</pre></td>
        </tr>
      
        <tr>
          <td>EMAIL_SSL_KEYFILE</td>
          <td class="code"><pre>&#x27;********************&#x27;</pre></td>
        </tr>
      
        <tr>
          <td>EMAIL_SUBJECT_PREFIX</td>
          <td class="code"><pre>&#x27;[Django] &#x27;</pre></td>
        </tr>
      
        <tr>
          <td>EMAIL_TIMEOUT</td>
          <td class="code"><pre>None</pre></td>
        </tr>
      
        <tr>
          <td>EMAIL_USE_LOCALTIME</td>
          <td class="code"><pre>False</pre></td>
        </tr>
      
        <tr>
          <td>EMAIL_USE_SSL</td>
          <td class="code"><pre>False</pre></td>
        </tr>
      
        <tr>
          <td>EMAIL_USE_TLS</td>
          <td class="code"><pre>True</pre></td>
        </tr>
      
        <tr>
          <td>FILE_UPLOAD_DIRECTORY_PERMISSIONS</td>
          <td class="code"><pre>None</pre></td>
        </tr>
      
        <tr>
          <td>FILE_UPLOAD_HANDLERS</td>
          <td class="code"><pre>[&#x27;django.core.files.uploadhandler.MemoryFileUploadHandler&#x27;,
 &#x27;django.core.files.uploadhandler.TemporaryFileUploadHandler&#x27;]</pre></td>
        </tr>
      
        <tr>
          <td>FILE_UPLOAD_MAX_MEMORY_SIZE</td>
          <td class="code"><pre>2621440</pre></td>
        </tr>
      
        <tr>
          <td>FILE_UPLOAD_PERMISSIONS</td>
          <td class="code"><pre>420</pre></td>
        </tr>
      
        <tr>
          <td>FILE_UPLOAD_TEMP_DIR</td>
          <td class="code"><pre>None</pre></td>
        </tr>
      
        <tr>
          <td>FIRST_DAY_OF_WEEK</td>
          <td class="code"><pre>0</pre></td>
        </tr>
      
        <tr>
          <td>FIXTURE_DIRS</td>
          <td class="code"><pre>[]</pre></td>
        </tr>
      
        <tr>
          <td>FORCE_SCRIPT_NAME</td>
          <td class="code"><pre>None</pre></td>
        </tr>
      
        <tr>
          <td>FORMAT_MODULE_PATH</td>
          <td class="code"><pre>None</pre></td>
        </tr>
      
        <tr>
          <td>FORM_RENDERER</td>
          <td class="code"><pre>&#x27;django.forms.renderers.DjangoTemplates&#x27;</pre></td>
        </tr>
      
        <tr>
          <td>IGNORABLE_404_URLS</td>
          <td class="code"><pre>[]</pre></td>
        </tr>
      
        <tr>
          <td>INSTALLED_APPS</td>
          <td class="code"><pre>[&#x27;django.contrib.admin&#x27;,
 &#x27;django.contrib.auth&#x27;,
 &#x27;django.contrib.contenttypes&#x27;,
 &#x27;django.contrib.sessions&#x27;,
 &#x27;django.contrib.messages&#x27;,
 &#x27;django.contrib.staticfiles&#x27;,
 &#x27;django_backend.api&#x27;,
 &#x27;corsheaders&#x27;,
 &#x27;djangotoolbox&#x27;,
 &#x27;rest_framework&#x27;]</pre></td>
        </tr>
      
        <tr>
          <td>INTERNAL_IPS</td>
          <td class="code"><pre>[]</pre></td>
        </tr>
      
        <tr>
          <td>LANGUAGES</td>
          <td class="code"><pre>[(&#x27;af&#x27;, &#x27;Afrikaans&#x27;),
 (&#x27;ar&#x27;, &#x27;Arabic&#x27;),
 (&#x27;ar-dz&#x27;, &#x27;Algerian Arabic&#x27;),
 (&#x27;ast&#x27;, &#x27;Asturian&#x27;),
 (&#x27;az&#x27;, &#x27;Azerbaijani&#x27;),
 (&#x27;bg&#x27;, &#x27;Bulgarian&#x27;),
 (&#x27;be&#x27;, &#x27;Belarusian&#x27;),
 (&#x27;bn&#x27;, &#x27;Bengali&#x27;),
 (&#x27;br&#x27;, &#x27;Breton&#x27;),
 (&#x27;bs&#x27;, &#x27;Bosnian&#x27;),
 (&#x27;ca&#x27;, &#x27;Catalan&#x27;),
 (&#x27;cs&#x27;, &#x27;Czech&#x27;),
 (&#x27;cy&#x27;, &#x27;Welsh&#x27;),
 (&#x27;da&#x27;, &#x27;Danish&#x27;),
 (&#x27;de&#x27;, &#x27;German&#x27;),
 (&#x27;dsb&#x27;, &#x27;Lower Sorbian&#x27;),
 (&#x27;el&#x27;, &#x27;Greek&#x27;),
 (&#x27;en&#x27;, &#x27;English&#x27;),
 (&#x27;en-au&#x27;, &#x27;Australian English&#x27;),
 (&#x27;en-gb&#x27;, &#x27;British English&#x27;),
 (&#x27;eo&#x27;, &#x27;Esperanto&#x27;),
 (&#x27;es&#x27;, &#x27;Spanish&#x27;),
 (&#x27;es-ar&#x27;, &#x27;Argentinian Spanish&#x27;),
 (&#x27;es-co&#x27;, &#x27;Colombian Spanish&#x27;),
 (&#x27;es-mx&#x27;, &#x27;Mexican Spanish&#x27;),
 (&#x27;es-ni&#x27;, &#x27;Nicaraguan Spanish&#x27;),
 (&#x27;es-ve&#x27;, &#x27;Venezuelan Spanish&#x27;),
 (&#x27;et&#x27;, &#x27;Estonian&#x27;),
 (&#x27;eu&#x27;, &#x27;Basque&#x27;),
 (&#x27;fa&#x27;, &#x27;Persian&#x27;),
 (&#x27;fi&#x27;, &#x27;Finnish&#x27;),
 (&#x27;fr&#x27;, &#x27;French&#x27;),
 (&#x27;fy&#x27;, &#x27;Frisian&#x27;),
 (&#x27;ga&#x27;, &#x27;Irish&#x27;),
 (&#x27;gd&#x27;, &#x27;Scottish Gaelic&#x27;),
 (&#x27;gl&#x27;, &#x27;Galician&#x27;),
 (&#x27;he&#x27;, &#x27;Hebrew&#x27;),
 (&#x27;hi&#x27;, &#x27;Hindi&#x27;),
 (&#x27;hr&#x27;, &#x27;Croatian&#x27;),
 (&#x27;hsb&#x27;, &#x27;Upper Sorbian&#x27;),
 (&#x27;hu&#x27;, &#x27;Hungarian&#x27;),
 (&#x27;hy&#x27;, &#x27;Armenian&#x27;),
 (&#x27;ia&#x27;, &#x27;Interlingua&#x27;),
 (&#x27;id&#x27;, &#x27;Indonesian&#x27;),
 (&#x27;ig&#x27;, &#x27;Igbo&#x27;),
 (&#x27;io&#x27;, &#x27;Ido&#x27;),
 (&#x27;is&#x27;, &#x27;Icelandic&#x27;),
 (&#x27;it&#x27;, &#x27;Italian&#x27;),
 (&#x27;ja&#x27;, &#x27;Japanese&#x27;),
 (&#x27;ka&#x27;, &#x27;Georgian&#x27;),
 (&#x27;kab&#x27;, &#x27;Kabyle&#x27;),
 (&#x27;kk&#x27;, &#x27;Kazakh&#x27;),
 (&#x27;km&#x27;, &#x27;Khmer&#x27;),
 (&#x27;kn&#x27;, &#x27;Kannada&#x27;),
 (&#x27;ko&#x27;, &#x27;Korean&#x27;),
 (&#x27;ky&#x27;, &#x27;Kyrgyz&#x27;),
 (&#x27;lb&#x27;, &#x27;Luxembourgish&#x27;),
 (&#x27;lt&#x27;, &#x27;Lithuanian&#x27;),
 (&#x27;lv&#x27;, &#x27;Latvian&#x27;),
 (&#x27;mk&#x27;, &#x27;Macedonian&#x27;),
 (&#x27;ml&#x27;, &#x27;Malayalam&#x27;),
 (&#x27;mn&#x27;, &#x27;Mongolian&#x27;),
 (&#x27;mr&#x27;, &#x27;Marathi&#x27;),
 (&#x27;my&#x27;, &#x27;Burmese&#x27;),
 (&#x27;nb&#x27;, &#x27;Norwegian Bokmål&#x27;),
 (&#x27;ne&#x27;, &#x27;Nepali&#x27;),
 (&#x27;nl&#x27;, &#x27;Dutch&#x27;),
 (&#x27;nn&#x27;, &#x27;Norwegian Nynorsk&#x27;),
 (&#x27;os&#x27;, &#x27;Ossetic&#x27;),
 (&#x27;pa&#x27;, &#x27;Punjabi&#x27;),
 (&#x27;pl&#x27;, &#x27;Polish&#x27;),
 (&#x27;pt&#x27;, &#x27;Portuguese&#x27;),
 (&#x27;pt-br&#x27;, &#x27;Brazilian Portuguese&#x27;),
 (&#x27;ro&#x27;, &#x27;Romanian&#x27;),
 (&#x27;ru&#x27;, &#x27;Russian&#x27;),
 (&#x27;sk&#x27;, &#x27;Slovak&#x27;),
 (&#x27;sl&#x27;, &#x27;Slovenian&#x27;),
 (&#x27;sq&#x27;, &#x27;Albanian&#x27;),
 (&#x27;sr&#x27;, &#x27;Serbian&#x27;),
 (&#x27;sr-latn&#x27;, &#x27;Serbian Latin&#x27;),
 (&#x27;sv&#x27;, &#x27;Swedish&#x27;),
 (&#x27;sw&#x27;, &#x27;Swahili&#x27;),
 (&#x27;ta&#x27;, &#x27;Tamil&#x27;),
 (&#x27;te&#x27;, &#x27;Telugu&#x27;),
 (&#x27;tg&#x27;, &#x27;Tajik&#x27;),
 (&#x27;th&#x27;, &#x27;Thai&#x27;),
 (&#x27;tk&#x27;, &#x27;Turkmen&#x27;),
 (&#x27;tr&#x27;, &#x27;Turkish&#x27;),
 (&#x27;tt&#x27;, &#x27;Tatar&#x27;),
 (&#x27;udm&#x27;, &#x27;Udmurt&#x27;),
 (&#x27;uk&#x27;, &#x27;Ukrainian&#x27;),
 (&#x27;ur&#x27;, &#x27;Urdu&#x27;),
 (&#x27;uz&#x27;, &#x27;Uzbek&#x27;),
 (&#x27;vi&#x27;, &#x27;Vietnamese&#x27;),
 (&#x27;zh-hans&#x27;, &#x27;Simplified Chinese&#x27;),
 (&#x27;zh-hant&#x27;, &#x27;Traditional Chinese&#x27;)]</pre></td>
        </tr>
      
        <tr>
          <td>LANGUAGES_BIDI</td>
          <td class="code"><pre>[&#x27;he&#x27;, &#x27;ar&#x27;, &#x27;ar-dz&#x27;, &#x27;fa&#x27;, &#x27;ur&#x27;]</pre></td>
        </tr>
      
        <tr>
          <td>LANGUAGE_CODE</td>
          <td class="code"><pre>&#x27;en-us&#x27;</pre></td>
        </tr>
      
        <tr>
          <td>LANGUAGE_COOKIE_AGE</td>
          <td class="code"><pre>None</pre></td>
        </tr>
      
        <tr>
          <td>LANGUAGE_COOKIE_DOMAIN</td>
          <td class="code"><pre>None</pre></td>
        </tr>
      
        <tr>
          <td>LANGUAGE_COOKIE_HTTPONLY</td>
          <td class="code"><pre>False</pre></td>
        </tr>
      
        <tr>
          <td>LANGUAGE_COOKIE_NAME</td>
          <td class="code"><pre>&#x27;django_language&#x27;</pre></td>
        </tr>
      
        <tr>
          <td>LANGUAGE_COOKIE_PATH</td>
          <td class="code"><pre>&#x27;/&#x27;</pre></td>
        </tr>
      
        <tr>
          <td>LANGUAGE_COOKIE_SAMESITE</td>
          <td class="code"><pre>None</pre></td>
        </tr>
      
        <tr>
          <td>LANGUAGE_COOKIE_SECURE</td>
          <td class="code"><pre>False</pre></td>
        </tr>
      
        <tr>
          <td>LOCALE_PATHS</td>
          <td class="code"><pre>[]</pre></td>
        </tr>
      
        <tr>
          <td>LOGGING</td>
          <td class="code"><pre>{}</pre></td>
        </tr>
      
        <tr>
          <td>LOGGING_CONFIG</td>
          <td class="code"><pre>&#x27;logging.config.dictConfig&#x27;</pre></td>
        </tr>
      
        <tr>
          <td>LOGIN_REDIRECT_URL</td>
          <td class="code"><pre>&#x27;/accounts/profile/&#x27;</pre></td>
        </tr>
      
        <tr>
          <td>LOGIN_URL</td>
          <td class="code"><pre>&#x27;/accounts/login/&#x27;</pre></td>
        </tr>
      
        <tr>
          <td>LOGOUT_REDIRECT_URL</td>
          <td class="code"><pre>None</pre></td>
        </tr>
      
        <tr>
          <td>MANAGERS</td>
          <td class="code"><pre>[]</pre></td>
        </tr>
      
        <tr>
          <td>MEDIA_ROOT</td>
          <td class="code"><pre>&#x27;&#x27;</pre></td>
        </tr>
      
        <tr>
          <td>MEDIA_URL</td>
          <td class="code"><pre>&#x27;/&#x27;</pre></td>
        </tr>
      
        <tr>
          <td>MESSAGE_STORAGE</td>
          <td class="code"><pre>&#x27;django.contrib.messages.storage.fallback.FallbackStorage&#x27;</pre></td>
        </tr>
      
        <tr>
          <td>MIDDLEWARE</td>
          <td class="code"><pre>[&#x27;corsheaders.middleware.CorsMiddleware&#x27;,
 &#x27;django.middleware.security.SecurityMiddleware&#x27;,
 &#x27;django.contrib.sessions.middleware.SessionMiddleware&#x27;,
 &#x27;django.middleware.common.CommonMiddleware&#x27;,
 &#x27;django.middleware.csrf.CsrfViewMiddleware&#x27;,
 &#x27;django.contrib.auth.middleware.AuthenticationMiddleware&#x27;,
 &#x27;django.contrib.messages.middleware.MessageMiddleware&#x27;,
 &#x27;django.middleware.clickjacking.XFrameOptionsMiddleware&#x27;,
 &#x27;django.middleware.common.CommonMiddleware&#x27;]</pre></td>
        </tr>
      
        <tr>
          <td>MIGRATION_MODULES</td>
          <td class="code"><pre>{}</pre></td>
        </tr>
      
        <tr>
          <td>MONTH_DAY_FORMAT</td>
          <td class="code"><pre>&#x27;F j&#x27;</pre></td>
        </tr>
      
        <tr>
          <td>NUMBER_GROUPING</td>
          <td class="code"><pre>0</pre></td>
        </tr>
      
        <tr>
          <td>PASSWORD_HASHERS</td>
          <td class="code"><pre>&#x27;********************&#x27;</pre></td>
        </tr>
      
        <tr>
          <td>PASSWORD_RESET_TIMEOUT</td>
          <td class="code"><pre>&#x27;********************&#x27;</pre></td>
        </tr>
      
        <tr>
          <td>PASSWORD_RESET_TIMEOUT_DAYS</td>
          <td class="code"><pre>&#x27;********************&#x27;</pre></td>
        </tr>
      
        <tr>
          <td>PREPEND_WWW</td>
          <td class="code"><pre>False</pre></td>
        </tr>
      
        <tr>
          <td>ROOT_URLCONF</td>
          <td class="code"><pre>&#x27;django_backend.urls&#x27;</pre></td>
        </tr>
      
        <tr>
          <td>SECRET_KEY</td>
          <td class="code"><pre>&#x27;********************&#x27;</pre></td>
        </tr>
      
        <tr>
          <td>SECURE_BROWSER_XSS_FILTER</td>
          <td class="code"><pre>False</pre></td>
        </tr>
      
        <tr>
          <td>SECURE_CONTENT_TYPE_NOSNIFF</td>
          <td class="code"><pre>True</pre></td>
        </tr>
      
        <tr>
          <td>SECURE_HSTS_INCLUDE_SUBDOMAINS</td>
          <td class="code"><pre>False</pre></td>
        </tr>
      
        <tr>
          <td>SECURE_HSTS_PRELOAD</td>
          <td class="code"><pre>False</pre></td>
        </tr>
      
        <tr>
          <td>SECURE_HSTS_SECONDS</td>
          <td class="code"><pre>0</pre></td>
        </tr>
      
        <tr>
          <td>SECURE_PROXY_SSL_HEADER</td>
          <td class="code"><pre>None</pre></td>
        </tr>
      
        <tr>
          <td>SECURE_REDIRECT_EXEMPT</td>
          <td class="code"><pre>[]</pre></td>
        </tr>
      
        <tr>
          <td>SECURE_REFERRER_POLICY</td>
          <td class="code"><pre>&#x27;same-origin&#x27;</pre></td>
        </tr>
      
        <tr>
          <td>SECURE_SSL_HOST</td>
          <td class="code"><pre>None</pre></td>
        </tr>
      
        <tr>
          <td>SECURE_SSL_REDIRECT</td>
          <td class="code"><pre>False</pre></td>
        </tr>
      
        <tr>
          <td>SERVER_EMAIL</td>
          <td class="code"><pre>&#x27;root@localhost&#x27;</pre></td>
        </tr>
      
        <tr>
          <td>SESSION_CACHE_ALIAS</td>
          <td class="code"><pre>&#x27;default&#x27;</pre></td>
        </tr>
      
        <tr>
          <td>SESSION_COOKIE_AGE</td>
          <td class="code"><pre>1209600</pre></td>
        </tr>
      
        <tr>
          <td>SESSION_COOKIE_DOMAIN</td>
          <td class="code"><pre>None</pre></td>
        </tr>
      
        <tr>
          <td>SESSION_COOKIE_HTTPONLY</td>
          <td class="code"><pre>True</pre></td>
        </tr>
      
        <tr>
          <td>SESSION_COOKIE_NAME</td>
          <td class="code"><pre>&#x27;sessionid&#x27;</pre></td>
        </tr>
      
        <tr>
          <td>SESSION_COOKIE_PATH</td>
          <td class="code"><pre>&#x27;/&#x27;</pre></td>
        </tr>
      
        <tr>
          <td>SESSION_COOKIE_SAMESITE</td>
          <td class="code"><pre>&#x27;Lax&#x27;</pre></td>
        </tr>
      
        <tr>
          <td>SESSION_COOKIE_SECURE</td>
          <td class="code"><pre>False</pre></td>
        </tr>
      
        <tr>
          <td>SESSION_ENGINE</td>
          <td class="code"><pre>&#x27;django.contrib.sessions.backends.db&#x27;</pre></td>
        </tr>
      
        <tr>
          <td>SESSION_EXPIRE_AT_BROWSER_CLOSE</td>
          <td class="code"><pre>False</pre></td>
        </tr>
      
        <tr>
          <td>SESSION_FILE_PATH</td>
          <td class="code"><pre>None</pre></td>
        </tr>
      
        <tr>
          <td>SESSION_SAVE_EVERY_REQUEST</td>
          <td class="code"><pre>False</pre></td>
        </tr>
      
        <tr>
          <td>SESSION_SERIALIZER</td>
          <td class="code"><pre>&#x27;django.contrib.sessions.serializers.JSONSerializer&#x27;</pre></td>
        </tr>
      
        <tr>
          <td>SETTINGS_MODULE</td>
          <td class="code"><pre>&#x27;django_backend.settings&#x27;</pre></td>
        </tr>
      
        <tr>
          <td>SHORT_DATETIME_FORMAT</td>
          <td class="code"><pre>&#x27;m/d/Y P&#x27;</pre></td>
        </tr>
      
        <tr>
          <td>SHORT_DATE_FORMAT</td>
          <td class="code"><pre>&#x27;m/d/Y&#x27;</pre></td>
        </tr>
      
        <tr>
          <td>SIGNING_BACKEND</td>
          <td class="code"><pre>&#x27;django.core.signing.TimestampSigner&#x27;</pre></td>
        </tr>
      
        <tr>
          <td>SILENCED_SYSTEM_CHECKS</td>
          <td class="code"><pre>[]</pre></td>
        </tr>
      
        <tr>
          <td>STATICFILES_DIRS</td>
          <td class="code"><pre>[]</pre></td>
        </tr>
      
        <tr>
          <td>STATICFILES_FINDERS</td>
          <td class="code"><pre>[&#x27;django.contrib.staticfiles.finders.FileSystemFinder&#x27;,
 &#x27;django.contrib.staticfiles.finders.AppDirectoriesFinder&#x27;]</pre></td>
        </tr>
      
        <tr>
          <td>STATICFILES_STORAGE</td>
          <td class="code"><pre>&#x27;django.contrib.staticfiles.storage.StaticFilesStorage&#x27;</pre></td>
        </tr>
      
        <tr>
          <td>STATIC_ROOT</td>
          <td class="code"><pre>None</pre></td>
        </tr>
      
        <tr>
          <td>STATIC_URL</td>
          <td class="code"><pre>&#x27;/static/&#x27;</pre></td>
        </tr>
      
        <tr>
          <td>TEMPLATES</td>
          <td class="code"><pre>[{&#x27;APP_DIRS&#x27;: True,
  &#x27;BACKEND&#x27;: &#x27;django.template.backends.django.DjangoTemplates&#x27;,
  &#x27;DIRS&#x27;: [],
  &#x27;OPTIONS&#x27;: {&#x27;context_processors&#x27;: [&#x27;django.template.context_processors.debug&#x27;,
                                     &#x27;django.template.context_processors.request&#x27;,
                                     &#x27;django.contrib.auth.context_processors.auth&#x27;,
                                     &#x27;django.contrib.messages.context_processors.messages&#x27;]}}]</pre></td>
        </tr>
      
        <tr>
          <td>TEST_NON_SERIALIZED_APPS</td>
          <td class="code"><pre>[]</pre></td>
        </tr>
      
        <tr>
          <td>TEST_RUNNER</td>
          <td class="code"><pre>&#x27;django.test.runner.DiscoverRunner&#x27;</pre></td>
        </tr>
      
        <tr>
          <td>THOUSAND_SEPARATOR</td>
          <td class="code"><pre>&#x27;,&#x27;</pre></td>
        </tr>
      
        <tr>
          <td>TIME_FORMAT</td>
          <td class="code"><pre>&#x27;P&#x27;</pre></td>
        </tr>
      
        <tr>
          <td>TIME_INPUT_FORMATS</td>
          <td class="code"><pre>[&#x27;%H:%M:%S&#x27;, &#x27;%H:%M:%S.%f&#x27;, &#x27;%H:%M&#x27;]</pre></td>
        </tr>
      
        <tr>
          <td>TIME_ZONE</td>
          <td class="code"><pre>&#x27;UTC&#x27;</pre></td>
        </tr>
      
        <tr>
          <td>USE_I18N</td>
          <td class="code"><pre>True</pre></td>
        </tr>
      
        <tr>
          <td>USE_L10N</td>
          <td class="code"><pre>True</pre></td>
        </tr>
      
        <tr>
          <td>USE_THOUSAND_SEPARATOR</td>
          <td class="code"><pre>False</pre></td>
        </tr>
      
        <tr>
          <td>USE_TZ</td>
          <td class="code"><pre>True</pre></td>
        </tr>
      
        <tr>
          <td>USE_X_FORWARDED_HOST</td>
          <td class="code"><pre>False</pre></td>
        </tr>
      
        <tr>
          <td>USE_X_FORWARDED_PORT</td>
          <td class="code"><pre>False</pre></td>
        </tr>
      
        <tr>
          <td>WSGI_APPLICATION</td>
          <td class="code"><pre>&#x27;django_backend.wsgi.application&#x27;</pre></td>
        </tr>
      
        <tr>
          <td>X_FRAME_OPTIONS</td>
          <td class="code"><pre>&#x27;DENY&#x27;</pre></td>
        </tr>
      
        <tr>
          <td>YEAR_MONTH_FORMAT</td>
          <td class="code"><pre>&#x27;F Y&#x27;</pre></td>
        </tr>
      
    </tbody>
  </table>

</div>

  <div id="explanation">
    <p>
      You're seeing this error because you have <code>DEBUG = True</code> in your
      Django settings file. Change that to <code>False</code>, and Django will
      display a standard page generated by the handler for this status code.
    </p>
  </div>

</body>
</html>

[2021-08-12 11:58:08,800] {taskinstance.py:1501} ERROR - Task failed with exception
Traceback (most recent call last):
  File "/home/airflow/.local/lib/python3.6/site-packages/airflow/providers/http/hooks/http.py", line 152, in check_response
    response.raise_for_status()
  File "/home/airflow/.local/lib/python3.6/site-packages/requests/models.py", line 943, in raise_for_status
    raise HTTPError(http_error_msg, response=self)
requests.exceptions.HTTPError: 500 Server Error: Internal Server Error for url: http://172.18.16.1:8000/blocks

During handling of the above exception, another exception occurred:

Traceback (most recent call last):
  File "/home/airflow/.local/lib/python3.6/site-packages/airflow/models/taskinstance.py", line 1157, in _run_raw_task
    self._prepare_and_execute_task_with_callbacks(context, task)
  File "/home/airflow/.local/lib/python3.6/site-packages/airflow/models/taskinstance.py", line 1331, in _prepare_and_execute_task_with_callbacks
    result = self._execute_task(context, task_copy)
  File "/home/airflow/.local/lib/python3.6/site-packages/airflow/models/taskinstance.py", line 1361, in _execute_task
    result = task_copy.execute(context=context)
  File "/home/airflow/.local/lib/python3.6/site-packages/airflow/providers/http/operators/http.py", line 113, in execute
    response = http.run(self.endpoint, self.data, self.headers, self.extra_options)
  File "/home/airflow/.local/lib/python3.6/site-packages/airflow/providers/http/hooks/http.py", line 141, in run
    return self.run_and_check(session, prepped_request, extra_options)
  File "/home/airflow/.local/lib/python3.6/site-packages/airflow/providers/http/hooks/http.py", line 198, in run_and_check
    self.check_response(response)
  File "/home/airflow/.local/lib/python3.6/site-packages/airflow/providers/http/hooks/http.py", line 156, in check_response
    raise AirflowException(str(response.status_code) + ":" + response.reason)
airflow.exceptions.AirflowException: 500:Internal Server Error
[2021-08-12 11:58:08,807] {taskinstance.py:1551} INFO - Marking task as FAILED. dag_id=pipeline_try, task_id=httpposttry, execution_date=20210811T000000, start_date=20210812T115808, end_date=20210812T115808
[2021-08-12 11:58:08,876] {local_task_job.py:149} INFO - Task exited with return code 1
