[2021-08-12 13:12:26,452] {taskinstance.py:896} INFO - Dependencies all met for <TaskInstance: pipeline_try.httpposttry 2021-08-12T13:12:14.436642+00:00 [queued]>
[2021-08-12 13:12:26,478] {taskinstance.py:896} INFO - Dependencies all met for <TaskInstance: pipeline_try.httpposttry 2021-08-12T13:12:14.436642+00:00 [queued]>
[2021-08-12 13:12:26,478] {taskinstance.py:1087} INFO - 
--------------------------------------------------------------------------------
[2021-08-12 13:12:26,479] {taskinstance.py:1088} INFO - Starting attempt 1 of 2
[2021-08-12 13:12:26,479] {taskinstance.py:1089} INFO - 
--------------------------------------------------------------------------------
[2021-08-12 13:12:26,497] {taskinstance.py:1107} INFO - Executing <Task(SimpleHttpOperator): httpposttry> on 2021-08-12T13:12:14.436642+00:00
[2021-08-12 13:12:26,504] {standard_task_runner.py:52} INFO - Started process 31251 to run task
[2021-08-12 13:12:26,513] {standard_task_runner.py:76} INFO - Running: ['***', 'tasks', 'run', 'pipeline_try', 'httpposttry', '2021-08-12T13:12:14.436642+00:00', '--job-id', '97', '--pool', 'default_pool', '--raw', '--subdir', 'DAGS_FOLDER/pipeline_try1.py', '--cfg-path', '/tmp/tmpq9uzlp9r', '--error-file', '/tmp/tmpy81_9h73']
[2021-08-12 13:12:26,520] {standard_task_runner.py:77} INFO - Job 97: Subtask httpposttry
[2021-08-12 13:12:26,599] {logging_mixin.py:104} INFO - Running <TaskInstance: pipeline_try.httpposttry 2021-08-12T13:12:14.436642+00:00 [running]> on host 99300daf4d26
[2021-08-12 13:12:26,689] {taskinstance.py:1302} INFO - Exporting the following env vars:
AIRFLOW_CTX_DAG_EMAIL=ameysonje242000@gmail.com
AIRFLOW_CTX_DAG_OWNER=amey
AIRFLOW_CTX_DAG_ID=pipeline_try
AIRFLOW_CTX_TASK_ID=httpposttry
AIRFLOW_CTX_EXECUTION_DATE=2021-08-12T13:12:14.436642+00:00
AIRFLOW_CTX_DAG_RUN_ID=manual__2021-08-12T13:12:14.436642+00:00
[2021-08-12 13:12:26,693] {http.py:111} INFO - Calling HTTP method
[2021-08-12 13:12:26,707] {base.py:78} INFO - Using connection to: id: http_post. Host: 172.18.16.1, Port: 8000, Schema: , Login: , Password: None, extra: {}
[2021-08-12 13:12:26,712] {http.py:140} INFO - Sending 'POST' to url: http://172.18.16.1:8000/blocks/
[2021-08-12 13:12:26,748] {http.py:115} INFO - {"blocks_id":"csvdata3","circuit_name":"csvdata3","user_id":"as","seq":"[\"1_Input\",\"2_InvertingOpamp\",\"3_Analysis\"]","ip_values":"{\"1_Input\"}"}
[2021-08-12 13:12:26,805] {taskinstance.py:1211} INFO - Marking task as SUCCESS. dag_id=pipeline_try, task_id=httpposttry, execution_date=20210812T131214, start_date=20210812T131226, end_date=20210812T131226
[2021-08-12 13:12:26,852] {taskinstance.py:1265} INFO - 0 downstream tasks scheduled from follow-on schedule check
[2021-08-12 13:12:26,885] {local_task_job.py:149} INFO - Task exited with return code 0
