[2021-08-14 05:22:12,386] {taskinstance.py:896} INFO - Dependencies all met for <TaskInstance: pipeline_try.is_today 2021-08-13T00:00:00+00:00 [queued]>
[2021-08-14 05:22:12,436] {taskinstance.py:896} INFO - Dependencies all met for <TaskInstance: pipeline_try.is_today 2021-08-13T00:00:00+00:00 [queued]>
[2021-08-14 05:22:12,438] {taskinstance.py:1087} INFO - 
--------------------------------------------------------------------------------
[2021-08-14 05:22:12,439] {taskinstance.py:1088} INFO - Starting attempt 1 of 2
[2021-08-14 05:22:12,439] {taskinstance.py:1089} INFO - 
--------------------------------------------------------------------------------
[2021-08-14 05:22:12,471] {taskinstance.py:1107} INFO - Executing <Task(BranchPythonOperator): is_today> on 2021-08-13T00:00:00+00:00
[2021-08-14 05:22:12,492] {standard_task_runner.py:52} INFO - Started process 32499 to run task
[2021-08-14 05:22:12,499] {standard_task_runner.py:76} INFO - Running: ['***', 'tasks', 'run', 'pipeline_try', 'is_today', '2021-08-13T00:00:00+00:00', '--job-id', '186', '--pool', 'default_pool', '--raw', '--subdir', 'DAGS_FOLDER/pipeline_try1.py', '--cfg-path', '/tmp/tmpxqxqt75f', '--error-file', '/tmp/tmp8kvs5jhk']
[2021-08-14 05:22:12,509] {standard_task_runner.py:77} INFO - Job 186: Subtask is_today
[2021-08-14 05:22:12,700] {logging_mixin.py:104} INFO - Running <TaskInstance: pipeline_try.is_today 2021-08-13T00:00:00+00:00 [running]> on host 99300daf4d26
[2021-08-14 05:22:12,886] {taskinstance.py:1302} INFO - Exporting the following env vars:
AIRFLOW_CTX_DAG_EMAIL=ameysonje242000@gmail.com
AIRFLOW_CTX_DAG_OWNER=amey
AIRFLOW_CTX_DAG_ID=pipeline_try
AIRFLOW_CTX_TASK_ID=is_today
AIRFLOW_CTX_EXECUTION_DATE=2021-08-13T00:00:00+00:00
AIRFLOW_CTX_DAG_RUN_ID=scheduled__2021-08-13T00:00:00+00:00
[2021-08-14 05:22:12,934] {logging_mixin.py:104} INFO - today is 4
[2021-08-14 05:22:12,935] {python.py:151} INFO - Done. Returned value was: friday_Task
[2021-08-14 05:22:12,946] {skipmixin.py:124} INFO - Following branch friday_Task
[2021-08-14 05:22:12,981] {skipmixin.py:155} INFO - Skipping tasks ['none']
[2021-08-14 05:22:13,184] {taskinstance.py:1211} INFO - Marking task as SUCCESS. dag_id=pipeline_try, task_id=is_today, execution_date=20210813T000000, start_date=20210814T052212, end_date=20210814T052213
[2021-08-14 05:22:13,334] {taskinstance.py:1265} INFO - 1 downstream tasks scheduled from follow-on schedule check
[2021-08-14 05:22:13,413] {local_task_job.py:149} INFO - Task exited with return code 0
