[2021-08-12 08:54:42,850] {taskinstance.py:896} INFO - Dependencies all met for <TaskInstance: pipeline_try.is_today 2021-08-12T08:54:36.877551+00:00 [queued]>
[2021-08-12 08:54:42,873] {taskinstance.py:896} INFO - Dependencies all met for <TaskInstance: pipeline_try.is_today 2021-08-12T08:54:36.877551+00:00 [queued]>
[2021-08-12 08:54:42,873] {taskinstance.py:1087} INFO - 
--------------------------------------------------------------------------------
[2021-08-12 08:54:42,874] {taskinstance.py:1088} INFO - Starting attempt 1 of 2
[2021-08-12 08:54:42,874] {taskinstance.py:1089} INFO - 
--------------------------------------------------------------------------------
[2021-08-12 08:54:42,887] {taskinstance.py:1107} INFO - Executing <Task(BranchPythonOperator): is_today> on 2021-08-12T08:54:36.877551+00:00
[2021-08-12 08:54:42,893] {standard_task_runner.py:52} INFO - Started process 14077 to run task
[2021-08-12 08:54:42,900] {standard_task_runner.py:76} INFO - Running: ['***', 'tasks', 'run', 'pipeline_try', 'is_today', '2021-08-12T08:54:36.877551+00:00', '--job-id', '32', '--pool', 'default_pool', '--raw', '--subdir', 'DAGS_FOLDER/pipeline_try1.py', '--cfg-path', '/tmp/tmp6kiwrvz1', '--error-file', '/tmp/tmpms3_0mh5']
[2021-08-12 08:54:42,904] {standard_task_runner.py:77} INFO - Job 32: Subtask is_today
[2021-08-12 08:54:42,968] {logging_mixin.py:104} INFO - Running <TaskInstance: pipeline_try.is_today 2021-08-12T08:54:36.877551+00:00 [running]> on host 99300daf4d26
[2021-08-12 08:54:43,041] {taskinstance.py:1302} INFO - Exporting the following env vars:
AIRFLOW_CTX_DAG_EMAIL=ameysonje242000@gmail.com
AIRFLOW_CTX_DAG_OWNER=amey
AIRFLOW_CTX_DAG_ID=pipeline_try
AIRFLOW_CTX_TASK_ID=is_today
AIRFLOW_CTX_EXECUTION_DATE=2021-08-12T08:54:36.877551+00:00
AIRFLOW_CTX_DAG_RUN_ID=manual__2021-08-12T08:54:36.877551+00:00
[2021-08-12 08:54:43,058] {logging_mixin.py:104} INFO - today is 3
[2021-08-12 08:54:43,059] {python.py:151} INFO - Done. Returned value was: none
[2021-08-12 08:54:43,059] {skipmixin.py:124} INFO - Following branch none
[2021-08-12 08:54:43,070] {skipmixin.py:155} INFO - Skipping tasks ['thursday_Task']
[2021-08-12 08:54:43,157] {taskinstance.py:1211} INFO - Marking task as SUCCESS. dag_id=pipeline_try, task_id=is_today, execution_date=20210812T085436, start_date=20210812T085442, end_date=20210812T085443
[2021-08-12 08:54:43,207] {taskinstance.py:1265} INFO - 1 downstream tasks scheduled from follow-on schedule check
[2021-08-12 08:54:43,234] {local_task_job.py:149} INFO - Task exited with return code 0
