[2021-08-12 20:57:24,558] {taskinstance.py:896} INFO - Dependencies all met for <TaskInstance: pipeline_try.is_today 2021-08-12T20:57:19.032000+00:00 [queued]>
[2021-08-12 20:57:24,582] {taskinstance.py:896} INFO - Dependencies all met for <TaskInstance: pipeline_try.is_today 2021-08-12T20:57:19.032000+00:00 [queued]>
[2021-08-12 20:57:24,582] {taskinstance.py:1087} INFO - 
--------------------------------------------------------------------------------
[2021-08-12 20:57:24,583] {taskinstance.py:1088} INFO - Starting attempt 1 of 2
[2021-08-12 20:57:24,583] {taskinstance.py:1089} INFO - 
--------------------------------------------------------------------------------
[2021-08-12 20:57:24,596] {taskinstance.py:1107} INFO - Executing <Task(BranchPythonOperator): is_today> on 2021-08-12T20:57:19.032000+00:00
[2021-08-12 20:57:24,600] {standard_task_runner.py:52} INFO - Started process 2716 to run task
[2021-08-12 20:57:24,605] {standard_task_runner.py:76} INFO - Running: ['***', 'tasks', 'run', 'pipeline_try', 'is_today', '2021-08-12T20:57:19.032000+00:00', '--job-id', '119', '--pool', 'default_pool', '--raw', '--subdir', 'DAGS_FOLDER/pipeline_try1.py', '--cfg-path', '/tmp/tmpm4c7bt7t', '--error-file', '/tmp/tmpfa57pxq4']
[2021-08-12 20:57:24,609] {standard_task_runner.py:77} INFO - Job 119: Subtask is_today
[2021-08-12 20:57:24,666] {logging_mixin.py:104} INFO - Running <TaskInstance: pipeline_try.is_today 2021-08-12T20:57:19.032000+00:00 [running]> on host 99300daf4d26
[2021-08-12 20:57:24,730] {taskinstance.py:1302} INFO - Exporting the following env vars:
AIRFLOW_CTX_DAG_EMAIL=ameysonje242000@gmail.com
AIRFLOW_CTX_DAG_OWNER=amey
AIRFLOW_CTX_DAG_ID=pipeline_try
AIRFLOW_CTX_TASK_ID=is_today
AIRFLOW_CTX_EXECUTION_DATE=2021-08-12T20:57:19.032000+00:00
AIRFLOW_CTX_DAG_RUN_ID=manual__2021-08-12T20:57:19.032000+00:00
[2021-08-12 20:57:24,741] {logging_mixin.py:104} INFO - today is 3
[2021-08-12 20:57:24,741] {python.py:151} INFO - Done. Returned value was: thursday_Task
[2021-08-12 20:57:24,742] {skipmixin.py:124} INFO - Following branch thursday_Task
[2021-08-12 20:57:24,753] {skipmixin.py:155} INFO - Skipping tasks ['none']
[2021-08-12 20:57:24,817] {taskinstance.py:1211} INFO - Marking task as SUCCESS. dag_id=pipeline_try, task_id=is_today, execution_date=20210812T205719, start_date=20210812T205724, end_date=20210812T205724
[2021-08-12 20:57:24,867] {taskinstance.py:1265} INFO - 1 downstream tasks scheduled from follow-on schedule check
[2021-08-12 20:57:24,941] {local_task_job.py:149} INFO - Task exited with return code 0
