[2021-08-13 09:23:21,680] {taskinstance.py:896} INFO - Dependencies all met for <TaskInstance: pipeline_try.httpgettry 2021-08-13T09:23:12.405096+00:00 [queued]>
[2021-08-13 09:23:21,719] {taskinstance.py:896} INFO - Dependencies all met for <TaskInstance: pipeline_try.httpgettry 2021-08-13T09:23:12.405096+00:00 [queued]>
[2021-08-13 09:23:21,719] {taskinstance.py:1087} INFO - 
--------------------------------------------------------------------------------
[2021-08-13 09:23:21,720] {taskinstance.py:1088} INFO - Starting attempt 1 of 2
[2021-08-13 09:23:21,721] {taskinstance.py:1089} INFO - 
--------------------------------------------------------------------------------
[2021-08-13 09:23:21,731] {taskinstance.py:1107} INFO - Executing <Task(SimpleHttpOperator): httpgettry> on 2021-08-13T09:23:12.405096+00:00
[2021-08-13 09:23:21,735] {standard_task_runner.py:52} INFO - Started process 21240 to run task
[2021-08-13 09:23:21,739] {standard_task_runner.py:76} INFO - Running: ['***', 'tasks', 'run', 'pipeline_try', 'httpgettry', '2021-08-13T09:23:12.405096+00:00', '--job-id', '177', '--pool', 'default_pool', '--raw', '--subdir', 'DAGS_FOLDER/pipeline_try1.py', '--cfg-path', '/tmp/tmpvhp302uc', '--error-file', '/tmp/tmp73b15p8c']
[2021-08-13 09:23:21,743] {standard_task_runner.py:77} INFO - Job 177: Subtask httpgettry
[2021-08-13 09:23:21,787] {logging_mixin.py:104} INFO - Running <TaskInstance: pipeline_try.httpgettry 2021-08-13T09:23:12.405096+00:00 [running]> on host 99300daf4d26
[2021-08-13 09:23:21,847] {taskinstance.py:1302} INFO - Exporting the following env vars:
AIRFLOW_CTX_DAG_EMAIL=ameysonje242000@gmail.com
AIRFLOW_CTX_DAG_OWNER=amey
AIRFLOW_CTX_DAG_ID=pipeline_try
AIRFLOW_CTX_TASK_ID=httpgettry
AIRFLOW_CTX_EXECUTION_DATE=2021-08-13T09:23:12.405096+00:00
AIRFLOW_CTX_DAG_RUN_ID=manual__2021-08-13T09:23:12.405096+00:00
[2021-08-13 09:23:21,854] {http.py:111} INFO - Calling HTTP method
[2021-08-13 09:23:21,876] {base.py:78} INFO - Using connection to: id: http_post. Host: 172.31.208.1, Port: 8000, Schema: , Login: , Password: None, extra: {}
[2021-08-13 09:23:21,878] {http.py:140} INFO - Sending 'GET' to url: http://172.31.208.1:8000/Users/
[2021-08-13 09:23:21,921] {http.py:115} INFO - [{"user_id":"amey_sonje","password":"amey_sonje","name":"amey sonje","email_id":"ameysonje242000@gmail.com"}]
[2021-08-13 09:23:21,967] {taskinstance.py:1211} INFO - Marking task as SUCCESS. dag_id=pipeline_try, task_id=httpgettry, execution_date=20210813T092312, start_date=20210813T092321, end_date=20210813T092321
[2021-08-13 09:23:22,029] {taskinstance.py:1265} INFO - 0 downstream tasks scheduled from follow-on schedule check
[2021-08-13 09:23:22,072] {local_task_job.py:149} INFO - Task exited with return code 0
