[2021-08-13 09:23:17,316] {taskinstance.py:896} INFO - Dependencies all met for <TaskInstance: pipeline_try.is_today 2021-08-13T09:23:12.405096+00:00 [queued]>
[2021-08-13 09:23:17,331] {taskinstance.py:896} INFO - Dependencies all met for <TaskInstance: pipeline_try.is_today 2021-08-13T09:23:12.405096+00:00 [queued]>
[2021-08-13 09:23:17,331] {taskinstance.py:1087} INFO - 
--------------------------------------------------------------------------------
[2021-08-13 09:23:17,331] {taskinstance.py:1088} INFO - Starting attempt 1 of 2
[2021-08-13 09:23:17,332] {taskinstance.py:1089} INFO - 
--------------------------------------------------------------------------------
[2021-08-13 09:23:17,341] {taskinstance.py:1107} INFO - Executing <Task(BranchPythonOperator): is_today> on 2021-08-13T09:23:12.405096+00:00
[2021-08-13 09:23:17,346] {standard_task_runner.py:52} INFO - Started process 21196 to run task
[2021-08-13 09:23:17,350] {standard_task_runner.py:76} INFO - Running: ['***', 'tasks', 'run', 'pipeline_try', 'is_today', '2021-08-13T09:23:12.405096+00:00', '--job-id', '174', '--pool', 'default_pool', '--raw', '--subdir', 'DAGS_FOLDER/pipeline_try1.py', '--cfg-path', '/tmp/tmp7wipvcte', '--error-file', '/tmp/tmpswuknc5g']
[2021-08-13 09:23:17,353] {standard_task_runner.py:77} INFO - Job 174: Subtask is_today
[2021-08-13 09:23:17,389] {logging_mixin.py:104} INFO - Running <TaskInstance: pipeline_try.is_today 2021-08-13T09:23:12.405096+00:00 [running]> on host 99300daf4d26
[2021-08-13 09:23:17,433] {taskinstance.py:1302} INFO - Exporting the following env vars:
AIRFLOW_CTX_DAG_EMAIL=ameysonje242000@gmail.com
AIRFLOW_CTX_DAG_OWNER=amey
AIRFLOW_CTX_DAG_ID=pipeline_try
AIRFLOW_CTX_TASK_ID=is_today
AIRFLOW_CTX_EXECUTION_DATE=2021-08-13T09:23:12.405096+00:00
AIRFLOW_CTX_DAG_RUN_ID=manual__2021-08-13T09:23:12.405096+00:00
[2021-08-13 09:23:17,442] {logging_mixin.py:104} INFO - today is 4
[2021-08-13 09:23:17,443] {python.py:151} INFO - Done. Returned value was: friday_Task
[2021-08-13 09:23:17,443] {skipmixin.py:124} INFO - Following branch friday_Task
[2021-08-13 09:23:17,453] {skipmixin.py:155} INFO - Skipping tasks ['none']
[2021-08-13 09:23:17,503] {taskinstance.py:1211} INFO - Marking task as SUCCESS. dag_id=pipeline_try, task_id=is_today, execution_date=20210813T092312, start_date=20210813T092317, end_date=20210813T092317
[2021-08-13 09:23:17,533] {taskinstance.py:1265} INFO - 1 downstream tasks scheduled from follow-on schedule check
[2021-08-13 09:23:17,562] {local_task_job.py:149} INFO - Task exited with return code 0
