[2021-08-13 09:23:19,855] {taskinstance.py:896} INFO - Dependencies all met for <TaskInstance: pipeline_try.friday_Task 2021-08-13T09:23:12.405096+00:00 [queued]>
[2021-08-13 09:23:19,877] {taskinstance.py:896} INFO - Dependencies all met for <TaskInstance: pipeline_try.friday_Task 2021-08-13T09:23:12.405096+00:00 [queued]>
[2021-08-13 09:23:19,877] {taskinstance.py:1087} INFO - 
--------------------------------------------------------------------------------
[2021-08-13 09:23:19,878] {taskinstance.py:1088} INFO - Starting attempt 1 of 2
[2021-08-13 09:23:19,878] {taskinstance.py:1089} INFO - 
--------------------------------------------------------------------------------
[2021-08-13 09:23:19,891] {taskinstance.py:1107} INFO - Executing <Task(PythonOperator): friday_Task> on 2021-08-13T09:23:12.405096+00:00
[2021-08-13 09:23:19,895] {standard_task_runner.py:52} INFO - Started process 21222 to run task
[2021-08-13 09:23:19,899] {standard_task_runner.py:76} INFO - Running: ['***', 'tasks', 'run', 'pipeline_try', 'friday_Task', '2021-08-13T09:23:12.405096+00:00', '--job-id', '175', '--pool', 'default_pool', '--raw', '--subdir', 'DAGS_FOLDER/pipeline_try1.py', '--cfg-path', '/tmp/tmpx88vzh1_', '--error-file', '/tmp/tmprjaoh46q']
[2021-08-13 09:23:19,907] {standard_task_runner.py:77} INFO - Job 175: Subtask friday_Task
[2021-08-13 09:23:19,955] {logging_mixin.py:104} INFO - Running <TaskInstance: pipeline_try.friday_Task 2021-08-13T09:23:12.405096+00:00 [running]> on host 99300daf4d26
[2021-08-13 09:23:20,011] {taskinstance.py:1302} INFO - Exporting the following env vars:
AIRFLOW_CTX_DAG_EMAIL=ameysonje242000@gmail.com
AIRFLOW_CTX_DAG_OWNER=amey
AIRFLOW_CTX_DAG_ID=pipeline_try
AIRFLOW_CTX_TASK_ID=friday_Task
AIRFLOW_CTX_EXECUTION_DATE=2021-08-13T09:23:12.405096+00:00
AIRFLOW_CTX_DAG_RUN_ID=manual__2021-08-13T09:23:12.405096+00:00
[2021-08-13 09:23:20,012] {logging_mixin.py:104} INFO - From friday_Task, so its Friday today
[2021-08-13 09:23:20,013] {python.py:151} INFO - Done. Returned value was: None
[2021-08-13 09:23:20,026] {taskinstance.py:1211} INFO - Marking task as SUCCESS. dag_id=pipeline_try, task_id=friday_Task, execution_date=20210813T092312, start_date=20210813T092319, end_date=20210813T092320
[2021-08-13 09:23:20,059] {taskinstance.py:1265} INFO - 2 downstream tasks scheduled from follow-on schedule check
[2021-08-13 09:23:20,071] {local_task_job.py:149} INFO - Task exited with return code 0
