[2021-08-12 13:08:28,080] {taskinstance.py:896} INFO - Dependencies all met for <TaskInstance: pipeline_try.is_today 2021-08-12T13:08:22.535167+00:00 [queued]>
[2021-08-12 13:08:28,098] {taskinstance.py:896} INFO - Dependencies all met for <TaskInstance: pipeline_try.is_today 2021-08-12T13:08:22.535167+00:00 [queued]>
[2021-08-12 13:08:28,098] {taskinstance.py:1087} INFO - 
--------------------------------------------------------------------------------
[2021-08-12 13:08:28,099] {taskinstance.py:1088} INFO - Starting attempt 1 of 2
[2021-08-12 13:08:28,099] {taskinstance.py:1089} INFO - 
--------------------------------------------------------------------------------
[2021-08-12 13:08:28,121] {taskinstance.py:1107} INFO - Executing <Task(BranchPythonOperator): is_today> on 2021-08-12T13:08:22.535167+00:00
[2021-08-12 13:08:28,127] {standard_task_runner.py:52} INFO - Started process 29632 to run task
[2021-08-12 13:08:28,132] {standard_task_runner.py:76} INFO - Running: ['***', 'tasks', 'run', 'pipeline_try', 'is_today', '2021-08-12T13:08:22.535167+00:00', '--job-id', '85', '--pool', 'default_pool', '--raw', '--subdir', 'DAGS_FOLDER/pipeline_try1.py', '--cfg-path', '/tmp/tmpluw2bs7_', '--error-file', '/tmp/tmp2e01bcgj']
[2021-08-12 13:08:28,139] {standard_task_runner.py:77} INFO - Job 85: Subtask is_today
[2021-08-12 13:08:28,215] {logging_mixin.py:104} INFO - Running <TaskInstance: pipeline_try.is_today 2021-08-12T13:08:22.535167+00:00 [running]> on host 99300daf4d26
[2021-08-12 13:08:28,294] {taskinstance.py:1302} INFO - Exporting the following env vars:
AIRFLOW_CTX_DAG_EMAIL=ameysonje242000@gmail.com
AIRFLOW_CTX_DAG_OWNER=amey
AIRFLOW_CTX_DAG_ID=pipeline_try
AIRFLOW_CTX_TASK_ID=is_today
AIRFLOW_CTX_EXECUTION_DATE=2021-08-12T13:08:22.535167+00:00
AIRFLOW_CTX_DAG_RUN_ID=manual__2021-08-12T13:08:22.535167+00:00
[2021-08-12 13:08:28,304] {logging_mixin.py:104} INFO - today is 3
[2021-08-12 13:08:28,304] {python.py:151} INFO - Done. Returned value was: none
[2021-08-12 13:08:28,304] {skipmixin.py:124} INFO - Following branch none
[2021-08-12 13:08:28,311] {skipmixin.py:155} INFO - Skipping tasks ['thursday_Task']
[2021-08-12 13:08:28,365] {taskinstance.py:1211} INFO - Marking task as SUCCESS. dag_id=pipeline_try, task_id=is_today, execution_date=20210812T130822, start_date=20210812T130828, end_date=20210812T130828
[2021-08-12 13:08:28,406] {taskinstance.py:1265} INFO - 1 downstream tasks scheduled from follow-on schedule check
[2021-08-12 13:08:28,426] {local_task_job.py:149} INFO - Task exited with return code 0
