[2021-08-12 20:58:00,437] {taskinstance.py:896} INFO - Dependencies all met for <TaskInstance: pipeline_try.httpposttry 2021-08-12T20:57:48.850996+00:00 [queued]>
[2021-08-12 20:58:00,470] {taskinstance.py:896} INFO - Dependencies all met for <TaskInstance: pipeline_try.httpposttry 2021-08-12T20:57:48.850996+00:00 [queued]>
[2021-08-12 20:58:00,471] {taskinstance.py:1087} INFO - 
--------------------------------------------------------------------------------
[2021-08-12 20:58:00,472] {taskinstance.py:1088} INFO - Starting attempt 1 of 2
[2021-08-12 20:58:00,472] {taskinstance.py:1089} INFO - 
--------------------------------------------------------------------------------
[2021-08-12 20:58:00,490] {taskinstance.py:1107} INFO - Executing <Task(SimpleHttpOperator): httpposttry> on 2021-08-12T20:57:48.850996+00:00
[2021-08-12 20:58:00,505] {standard_task_runner.py:52} INFO - Started process 3058 to run task
[2021-08-12 20:58:00,516] {standard_task_runner.py:76} INFO - Running: ['***', 'tasks', 'run', 'pipeline_try', 'httpposttry', '2021-08-12T20:57:48.850996+00:00', '--job-id', '127', '--pool', 'default_pool', '--raw', '--subdir', 'DAGS_FOLDER/pipeline_try1.py', '--cfg-path', '/tmp/tmpuy90z8w4', '--error-file', '/tmp/tmpg4sd43sb']
[2021-08-12 20:58:00,530] {standard_task_runner.py:77} INFO - Job 127: Subtask httpposttry
[2021-08-12 20:58:00,652] {logging_mixin.py:104} INFO - Running <TaskInstance: pipeline_try.httpposttry 2021-08-12T20:57:48.850996+00:00 [running]> on host 99300daf4d26
[2021-08-12 20:58:00,803] {taskinstance.py:1302} INFO - Exporting the following env vars:
AIRFLOW_CTX_DAG_EMAIL=ameysonje242000@gmail.com
AIRFLOW_CTX_DAG_OWNER=amey
AIRFLOW_CTX_DAG_ID=pipeline_try
AIRFLOW_CTX_TASK_ID=httpposttry
AIRFLOW_CTX_EXECUTION_DATE=2021-08-12T20:57:48.850996+00:00
AIRFLOW_CTX_DAG_RUN_ID=manual__2021-08-12T20:57:48.850996+00:00
[2021-08-12 20:58:00,806] {http.py:111} INFO - Calling HTTP method
[2021-08-12 20:58:00,831] {base.py:78} INFO - Using connection to: id: http_post. Host: 172.18.16.1, Port: 8000, Schema: , Login: , Password: None, extra: {}
[2021-08-12 20:58:00,837] {http.py:140} INFO - Sending 'POST' to url: http://172.18.16.1:8000/Users/
[2021-08-12 20:58:00,891] {http.py:115} INFO - {"user_id":"amey4","password":"amey3","name":"amey2","email_id":"amey2420000@gmail.com"}
[2021-08-12 20:58:00,963] {taskinstance.py:1211} INFO - Marking task as SUCCESS. dag_id=pipeline_try, task_id=httpposttry, execution_date=20210812T205748, start_date=20210812T205800, end_date=20210812T205800
[2021-08-12 20:58:01,024] {taskinstance.py:1265} INFO - 0 downstream tasks scheduled from follow-on schedule check
[2021-08-12 20:58:01,051] {local_task_job.py:149} INFO - Task exited with return code 0
