[2021-08-13 07:00:29,469] {taskinstance.py:896} INFO - Dependencies all met for <TaskInstance: pipeline_try.thursday_Task 2021-08-12T00:00:00+00:00 [queued]>
[2021-08-13 07:00:29,560] {taskinstance.py:896} INFO - Dependencies all met for <TaskInstance: pipeline_try.thursday_Task 2021-08-12T00:00:00+00:00 [queued]>
[2021-08-13 07:00:29,574] {taskinstance.py:1087} INFO - 
--------------------------------------------------------------------------------
[2021-08-13 07:00:29,575] {taskinstance.py:1088} INFO - Starting attempt 1 of 2
[2021-08-13 07:00:29,576] {taskinstance.py:1089} INFO - 
--------------------------------------------------------------------------------
[2021-08-13 07:00:29,608] {taskinstance.py:1107} INFO - Executing <Task(PythonOperator): thursday_Task> on 2021-08-12T00:00:00+00:00
[2021-08-13 07:00:29,619] {standard_task_runner.py:52} INFO - Started process 342 to run task
[2021-08-13 07:00:29,624] {standard_task_runner.py:76} INFO - Running: ['***', 'tasks', 'run', 'pipeline_try', 'thursday_Task', '2021-08-12T00:00:00+00:00', '--job-id', '137', '--pool', 'default_pool', '--raw', '--subdir', 'DAGS_FOLDER/pipeline_try1.py', '--cfg-path', '/tmp/tmpizm_c5ma', '--error-file', '/tmp/tmp373x4kce']
[2021-08-13 07:00:29,644] {standard_task_runner.py:77} INFO - Job 137: Subtask thursday_Task
[2021-08-13 07:00:29,809] {logging_mixin.py:104} INFO - Running <TaskInstance: pipeline_try.thursday_Task 2021-08-12T00:00:00+00:00 [running]> on host 99300daf4d26
[2021-08-13 07:00:29,950] {taskinstance.py:1302} INFO - Exporting the following env vars:
AIRFLOW_CTX_DAG_EMAIL=ameysonje242000@gmail.com
AIRFLOW_CTX_DAG_OWNER=amey
AIRFLOW_CTX_DAG_ID=pipeline_try
AIRFLOW_CTX_TASK_ID=thursday_Task
AIRFLOW_CTX_EXECUTION_DATE=2021-08-12T00:00:00+00:00
AIRFLOW_CTX_DAG_RUN_ID=scheduled__2021-08-12T00:00:00+00:00
[2021-08-13 07:00:29,954] {logging_mixin.py:104} INFO - From thursday_Task, so its thursday today
[2021-08-13 07:00:29,954] {python.py:151} INFO - Done. Returned value was: None
[2021-08-13 07:00:29,972] {taskinstance.py:1211} INFO - Marking task as SUCCESS. dag_id=pipeline_try, task_id=thursday_Task, execution_date=20210812T000000, start_date=20210813T070029, end_date=20210813T070029
[2021-08-13 07:00:30,049] {taskinstance.py:1265} INFO - 2 downstream tasks scheduled from follow-on schedule check
[2021-08-13 07:00:30,098] {local_task_job.py:149} INFO - Task exited with return code 0
