[2021-08-12 13:12:20,188] {taskinstance.py:896} INFO - Dependencies all met for <TaskInstance: pipeline_try.is_today 2021-08-12T13:12:14.436642+00:00 [queued]>
[2021-08-12 13:12:20,218] {taskinstance.py:896} INFO - Dependencies all met for <TaskInstance: pipeline_try.is_today 2021-08-12T13:12:14.436642+00:00 [queued]>
[2021-08-12 13:12:20,219] {taskinstance.py:1087} INFO - 
--------------------------------------------------------------------------------
[2021-08-12 13:12:20,219] {taskinstance.py:1088} INFO - Starting attempt 1 of 2
[2021-08-12 13:12:20,220] {taskinstance.py:1089} INFO - 
--------------------------------------------------------------------------------
[2021-08-12 13:12:20,236] {taskinstance.py:1107} INFO - Executing <Task(BranchPythonOperator): is_today> on 2021-08-12T13:12:14.436642+00:00
[2021-08-12 13:12:20,248] {standard_task_runner.py:52} INFO - Started process 31185 to run task
[2021-08-12 13:12:20,255] {standard_task_runner.py:76} INFO - Running: ['***', 'tasks', 'run', 'pipeline_try', 'is_today', '2021-08-12T13:12:14.436642+00:00', '--job-id', '92', '--pool', 'default_pool', '--raw', '--subdir', 'DAGS_FOLDER/pipeline_try1.py', '--cfg-path', '/tmp/tmp53vuuq0t', '--error-file', '/tmp/tmpi7302ol5']
[2021-08-12 13:12:20,265] {standard_task_runner.py:77} INFO - Job 92: Subtask is_today
[2021-08-12 13:12:20,363] {logging_mixin.py:104} INFO - Running <TaskInstance: pipeline_try.is_today 2021-08-12T13:12:14.436642+00:00 [running]> on host 99300daf4d26
[2021-08-12 13:12:20,453] {taskinstance.py:1302} INFO - Exporting the following env vars:
AIRFLOW_CTX_DAG_EMAIL=ameysonje242000@gmail.com
AIRFLOW_CTX_DAG_OWNER=amey
AIRFLOW_CTX_DAG_ID=pipeline_try
AIRFLOW_CTX_TASK_ID=is_today
AIRFLOW_CTX_EXECUTION_DATE=2021-08-12T13:12:14.436642+00:00
AIRFLOW_CTX_DAG_RUN_ID=manual__2021-08-12T13:12:14.436642+00:00
[2021-08-12 13:12:20,480] {logging_mixin.py:104} INFO - today is 3
[2021-08-12 13:12:20,482] {python.py:151} INFO - Done. Returned value was: thursday_Task
[2021-08-12 13:12:20,483] {skipmixin.py:124} INFO - Following branch thursday_Task
[2021-08-12 13:12:20,501] {skipmixin.py:155} INFO - Skipping tasks ['none']
[2021-08-12 13:12:20,620] {taskinstance.py:1211} INFO - Marking task as SUCCESS. dag_id=pipeline_try, task_id=is_today, execution_date=20210812T131214, start_date=20210812T131220, end_date=20210812T131220
[2021-08-12 13:12:20,679] {taskinstance.py:1265} INFO - 1 downstream tasks scheduled from follow-on schedule check
[2021-08-12 13:12:20,710] {local_task_job.py:149} INFO - Task exited with return code 0
