[2021-08-12 12:26:21,769] {taskinstance.py:896} INFO - Dependencies all met for <TaskInstance: pipeline_try.thursday_Task 2021-08-12T12:26:13.412969+00:00 [queued]>
[2021-08-12 12:26:21,833] {taskinstance.py:896} INFO - Dependencies all met for <TaskInstance: pipeline_try.thursday_Task 2021-08-12T12:26:13.412969+00:00 [queued]>
[2021-08-12 12:26:21,834] {taskinstance.py:1087} INFO - 
--------------------------------------------------------------------------------
[2021-08-12 12:26:21,835] {taskinstance.py:1088} INFO - Starting attempt 1 of 2
[2021-08-12 12:26:21,836] {taskinstance.py:1089} INFO - 
--------------------------------------------------------------------------------
[2021-08-12 12:26:21,867] {taskinstance.py:1107} INFO - Executing <Task(PythonOperator): thursday_Task> on 2021-08-12T12:26:13.412969+00:00
[2021-08-12 12:26:21,880] {standard_task_runner.py:52} INFO - Started process 13527 to run task
[2021-08-12 12:26:21,891] {standard_task_runner.py:76} INFO - Running: ['***', 'tasks', 'run', 'pipeline_try', 'thursday_Task', '2021-08-12T12:26:13.412969+00:00', '--job-id', '77', '--pool', 'default_pool', '--raw', '--subdir', 'DAGS_FOLDER/pipeline_try1.py', '--cfg-path', '/tmp/tmpt3mtta8n', '--error-file', '/tmp/tmpssb430zg']
[2021-08-12 12:26:21,904] {standard_task_runner.py:77} INFO - Job 77: Subtask thursday_Task
[2021-08-12 12:26:22,019] {logging_mixin.py:104} INFO - Running <TaskInstance: pipeline_try.thursday_Task 2021-08-12T12:26:13.412969+00:00 [running]> on host 99300daf4d26
[2021-08-12 12:26:22,119] {taskinstance.py:1302} INFO - Exporting the following env vars:
AIRFLOW_CTX_DAG_EMAIL=ameysonje242000@gmail.com
AIRFLOW_CTX_DAG_OWNER=amey
AIRFLOW_CTX_DAG_ID=pipeline_try
AIRFLOW_CTX_TASK_ID=thursday_Task
AIRFLOW_CTX_EXECUTION_DATE=2021-08-12T12:26:13.412969+00:00
AIRFLOW_CTX_DAG_RUN_ID=manual__2021-08-12T12:26:13.412969+00:00
[2021-08-12 12:26:22,121] {logging_mixin.py:104} INFO - From thursday_Task, so its thursday today
[2021-08-12 12:26:22,122] {python.py:151} INFO - Done. Returned value was: email
[2021-08-12 12:26:22,170] {taskinstance.py:1211} INFO - Marking task as SUCCESS. dag_id=pipeline_try, task_id=thursday_Task, execution_date=20210812T122613, start_date=20210812T122621, end_date=20210812T122622
[2021-08-12 12:26:22,250] {taskinstance.py:1265} INFO - 1 downstream tasks scheduled from follow-on schedule check
[2021-08-12 12:26:22,265] {local_task_job.py:149} INFO - Task exited with return code 0
