[2021-08-13 09:22:04,881] {taskinstance.py:896} INFO - Dependencies all met for <TaskInstance: pipeline_try.friday_Task 2021-08-13T09:21:59.307600+00:00 [queued]>
[2021-08-13 09:22:04,902] {taskinstance.py:896} INFO - Dependencies all met for <TaskInstance: pipeline_try.friday_Task 2021-08-13T09:21:59.307600+00:00 [queued]>
[2021-08-13 09:22:04,902] {taskinstance.py:1087} INFO - 
--------------------------------------------------------------------------------
[2021-08-13 09:22:04,903] {taskinstance.py:1088} INFO - Starting attempt 1 of 2
[2021-08-13 09:22:04,903] {taskinstance.py:1089} INFO - 
--------------------------------------------------------------------------------
[2021-08-13 09:22:04,912] {taskinstance.py:1107} INFO - Executing <Task(PythonOperator): friday_Task> on 2021-08-13T09:21:59.307600+00:00
[2021-08-13 09:22:04,918] {standard_task_runner.py:52} INFO - Started process 20666 to run task
[2021-08-13 09:22:04,924] {standard_task_runner.py:76} INFO - Running: ['***', 'tasks', 'run', 'pipeline_try', 'friday_Task', '2021-08-13T09:21:59.307600+00:00', '--job-id', '170', '--pool', 'default_pool', '--raw', '--subdir', 'DAGS_FOLDER/pipeline_try1.py', '--cfg-path', '/tmp/tmpnr_3fmof', '--error-file', '/tmp/tmp5owr291x']
[2021-08-13 09:22:04,927] {standard_task_runner.py:77} INFO - Job 170: Subtask friday_Task
[2021-08-13 09:22:04,966] {logging_mixin.py:104} INFO - Running <TaskInstance: pipeline_try.friday_Task 2021-08-13T09:21:59.307600+00:00 [running]> on host 99300daf4d26
[2021-08-13 09:22:05,011] {taskinstance.py:1302} INFO - Exporting the following env vars:
AIRFLOW_CTX_DAG_EMAIL=ameysonje242000@gmail.com
AIRFLOW_CTX_DAG_OWNER=amey
AIRFLOW_CTX_DAG_ID=pipeline_try
AIRFLOW_CTX_TASK_ID=friday_Task
AIRFLOW_CTX_EXECUTION_DATE=2021-08-13T09:21:59.307600+00:00
AIRFLOW_CTX_DAG_RUN_ID=manual__2021-08-13T09:21:59.307600+00:00
[2021-08-13 09:22:05,013] {logging_mixin.py:104} INFO - From friday_Task, so its Friday today
[2021-08-13 09:22:05,013] {python.py:151} INFO - Done. Returned value was: None
[2021-08-13 09:22:05,023] {taskinstance.py:1211} INFO - Marking task as SUCCESS. dag_id=pipeline_try, task_id=friday_Task, execution_date=20210813T092159, start_date=20210813T092204, end_date=20210813T092205
[2021-08-13 09:22:05,051] {taskinstance.py:1265} INFO - 2 downstream tasks scheduled from follow-on schedule check
[2021-08-13 09:22:05,096] {local_task_job.py:149} INFO - Task exited with return code 0
