[2021-08-13 09:22:01,113] {taskinstance.py:896} INFO - Dependencies all met for <TaskInstance: pipeline_try.transform_data 2021-08-13T09:21:59.307600+00:00 [queued]>
[2021-08-13 09:22:01,137] {taskinstance.py:896} INFO - Dependencies all met for <TaskInstance: pipeline_try.transform_data 2021-08-13T09:21:59.307600+00:00 [queued]>
[2021-08-13 09:22:01,138] {taskinstance.py:1087} INFO - 
--------------------------------------------------------------------------------
[2021-08-13 09:22:01,138] {taskinstance.py:1088} INFO - Starting attempt 1 of 2
[2021-08-13 09:22:01,139] {taskinstance.py:1089} INFO - 
--------------------------------------------------------------------------------
[2021-08-13 09:22:01,150] {taskinstance.py:1107} INFO - Executing <Task(PythonOperator): transform_data> on 2021-08-13T09:21:59.307600+00:00
[2021-08-13 09:22:01,155] {standard_task_runner.py:52} INFO - Started process 20643 to run task
[2021-08-13 09:22:01,159] {standard_task_runner.py:76} INFO - Running: ['***', 'tasks', 'run', 'pipeline_try', 'transform_data', '2021-08-13T09:21:59.307600+00:00', '--job-id', '168', '--pool', 'default_pool', '--raw', '--subdir', 'DAGS_FOLDER/pipeline_try1.py', '--cfg-path', '/tmp/tmparhuuj_e', '--error-file', '/tmp/tmp775_0tfc']
[2021-08-13 09:22:01,163] {standard_task_runner.py:77} INFO - Job 168: Subtask transform_data
[2021-08-13 09:22:01,211] {logging_mixin.py:104} INFO - Running <TaskInstance: pipeline_try.transform_data 2021-08-13T09:21:59.307600+00:00 [running]> on host 99300daf4d26
[2021-08-13 09:22:01,270] {taskinstance.py:1302} INFO - Exporting the following env vars:
AIRFLOW_CTX_DAG_EMAIL=ameysonje242000@gmail.com
AIRFLOW_CTX_DAG_OWNER=amey
AIRFLOW_CTX_DAG_ID=pipeline_try
AIRFLOW_CTX_TASK_ID=transform_data
AIRFLOW_CTX_EXECUTION_DATE=2021-08-13T09:21:59.307600+00:00
AIRFLOW_CTX_DAG_RUN_ID=manual__2021-08-13T09:21:59.307600+00:00
[2021-08-13 09:22:01,273] {logging_mixin.py:104} INFO - /opt/data/csv_data.csv
[2021-08-13 09:22:01,273] {logging_mixin.py:104} INFO - /opt/data/csv_data_transformed.csv
[2021-08-13 09:22:01,576] {python.py:151} INFO - Done. Returned value was: None
[2021-08-13 09:22:01,587] {taskinstance.py:1211} INFO - Marking task as SUCCESS. dag_id=pipeline_try, task_id=transform_data, execution_date=20210813T092159, start_date=20210813T092201, end_date=20210813T092201
[2021-08-13 09:22:01,619] {taskinstance.py:1265} INFO - 1 downstream tasks scheduled from follow-on schedule check
[2021-08-13 09:22:01,652] {local_task_job.py:149} INFO - Task exited with return code 0
