[2021-08-12 09:08:15,620] {taskinstance.py:896} INFO - Dependencies all met for <TaskInstance: pipeline_try.thursday_Task 2021-08-12T09:08:06.641265+00:00 [queued]>
[2021-08-12 09:08:15,658] {taskinstance.py:896} INFO - Dependencies all met for <TaskInstance: pipeline_try.thursday_Task 2021-08-12T09:08:06.641265+00:00 [queued]>
[2021-08-12 09:08:15,660] {taskinstance.py:1087} INFO - 
--------------------------------------------------------------------------------
[2021-08-12 09:08:15,661] {taskinstance.py:1088} INFO - Starting attempt 1 of 2
[2021-08-12 09:08:15,662] {taskinstance.py:1089} INFO - 
--------------------------------------------------------------------------------
[2021-08-12 09:08:15,683] {taskinstance.py:1107} INFO - Executing <Task(PythonOperator): thursday_Task> on 2021-08-12T09:08:06.641265+00:00
[2021-08-12 09:08:15,690] {standard_task_runner.py:52} INFO - Started process 19318 to run task
[2021-08-12 09:08:15,746] {standard_task_runner.py:76} INFO - Running: ['***', 'tasks', 'run', 'pipeline_try', 'thursday_Task', '2021-08-12T09:08:06.641265+00:00', '--job-id', '38', '--pool', 'default_pool', '--raw', '--subdir', 'DAGS_FOLDER/pipeline_try1.py', '--cfg-path', '/tmp/tmpdrolkqfj', '--error-file', '/tmp/tmpt34s9nr_']
[2021-08-12 09:08:15,819] {standard_task_runner.py:77} INFO - Job 38: Subtask thursday_Task
[2021-08-12 09:08:16,182] {logging_mixin.py:104} INFO - Running <TaskInstance: pipeline_try.thursday_Task 2021-08-12T09:08:06.641265+00:00 [running]> on host 99300daf4d26
[2021-08-12 09:08:16,344] {taskinstance.py:1302} INFO - Exporting the following env vars:
AIRFLOW_CTX_DAG_OWNER=amey
AIRFLOW_CTX_DAG_ID=pipeline_try
AIRFLOW_CTX_TASK_ID=thursday_Task
AIRFLOW_CTX_EXECUTION_DATE=2021-08-12T09:08:06.641265+00:00
AIRFLOW_CTX_DAG_RUN_ID=manual__2021-08-12T09:08:06.641265+00:00
[2021-08-12 09:08:16,347] {logging_mixin.py:104} INFO - From thursday_Task, so its thursday today
[2021-08-12 09:08:16,348] {python.py:151} INFO - Done. Returned value was: None
[2021-08-12 09:08:16,367] {taskinstance.py:1211} INFO - Marking task as SUCCESS. dag_id=pipeline_try, task_id=thursday_Task, execution_date=20210812T090806, start_date=20210812T090815, end_date=20210812T090816
[2021-08-12 09:08:16,421] {taskinstance.py:1265} INFO - 0 downstream tasks scheduled from follow-on schedule check
[2021-08-12 09:08:16,463] {local_task_job.py:149} INFO - Task exited with return code 0
