[2021-08-13 08:45:20,411] {taskinstance.py:896} INFO - Dependencies all met for <TaskInstance: pipeline_try.friday_Task 2021-08-13T08:45:15.225892+00:00 [queued]>
[2021-08-13 08:45:20,427] {taskinstance.py:896} INFO - Dependencies all met for <TaskInstance: pipeline_try.friday_Task 2021-08-13T08:45:15.225892+00:00 [queued]>
[2021-08-13 08:45:20,428] {taskinstance.py:1087} INFO - 
--------------------------------------------------------------------------------
[2021-08-13 08:45:20,428] {taskinstance.py:1088} INFO - Starting attempt 1 of 2
[2021-08-13 08:45:20,429] {taskinstance.py:1089} INFO - 
--------------------------------------------------------------------------------
[2021-08-13 08:45:20,437] {taskinstance.py:1107} INFO - Executing <Task(PythonOperator): friday_Task> on 2021-08-13T08:45:15.225892+00:00
[2021-08-13 08:45:20,441] {standard_task_runner.py:52} INFO - Started process 6513 to run task
[2021-08-13 08:45:20,444] {standard_task_runner.py:76} INFO - Running: ['***', 'tasks', 'run', 'pipeline_try', 'friday_Task', '2021-08-13T08:45:15.225892+00:00', '--job-id', '151', '--pool', 'default_pool', '--raw', '--subdir', 'DAGS_FOLDER/pipeline_try1.py', '--cfg-path', '/tmp/tmpa86k2epa', '--error-file', '/tmp/tmprvu9mrnk']
[2021-08-13 08:45:20,448] {standard_task_runner.py:77} INFO - Job 151: Subtask friday_Task
[2021-08-13 08:45:20,486] {logging_mixin.py:104} INFO - Running <TaskInstance: pipeline_try.friday_Task 2021-08-13T08:45:15.225892+00:00 [running]> on host 99300daf4d26
[2021-08-13 08:45:20,530] {taskinstance.py:1302} INFO - Exporting the following env vars:
AIRFLOW_CTX_DAG_EMAIL=ameysonje242000@gmail.com
AIRFLOW_CTX_DAG_OWNER=amey
AIRFLOW_CTX_DAG_ID=pipeline_try
AIRFLOW_CTX_TASK_ID=friday_Task
AIRFLOW_CTX_EXECUTION_DATE=2021-08-13T08:45:15.225892+00:00
AIRFLOW_CTX_DAG_RUN_ID=manual__2021-08-13T08:45:15.225892+00:00
[2021-08-13 08:45:20,531] {logging_mixin.py:104} INFO - From friday_Task, so its Friday today
[2021-08-13 08:45:20,532] {python.py:151} INFO - Done. Returned value was: None
[2021-08-13 08:45:20,541] {taskinstance.py:1211} INFO - Marking task as SUCCESS. dag_id=pipeline_try, task_id=friday_Task, execution_date=20210813T084515, start_date=20210813T084520, end_date=20210813T084520
[2021-08-13 08:45:20,568] {taskinstance.py:1265} INFO - 2 downstream tasks scheduled from follow-on schedule check
[2021-08-13 08:45:20,576] {local_task_job.py:149} INFO - Task exited with return code 0
