[2021-08-13 08:48:26,104] {taskinstance.py:896} INFO - Dependencies all met for <TaskInstance: pipeline_try.is_today 2021-08-13T08:43:20.342682+00:00 [queued]>
[2021-08-13 08:48:26,120] {taskinstance.py:896} INFO - Dependencies all met for <TaskInstance: pipeline_try.is_today 2021-08-13T08:43:20.342682+00:00 [queued]>
[2021-08-13 08:48:26,121] {taskinstance.py:1087} INFO - 
--------------------------------------------------------------------------------
[2021-08-13 08:48:26,121] {taskinstance.py:1088} INFO - Starting attempt 2 of 2
[2021-08-13 08:48:26,122] {taskinstance.py:1089} INFO - 
--------------------------------------------------------------------------------
[2021-08-13 08:48:26,132] {taskinstance.py:1107} INFO - Executing <Task(BranchPythonOperator): is_today> on 2021-08-13T08:43:20.342682+00:00
[2021-08-13 08:48:26,139] {standard_task_runner.py:52} INFO - Started process 7754 to run task
[2021-08-13 08:48:26,143] {standard_task_runner.py:76} INFO - Running: ['***', 'tasks', 'run', 'pipeline_try', 'is_today', '2021-08-13T08:43:20.342682+00:00', '--job-id', '159', '--pool', 'default_pool', '--raw', '--subdir', 'DAGS_FOLDER/pipeline_try1.py', '--cfg-path', '/tmp/tmpqsk1877h', '--error-file', '/tmp/tmp472bu7sf']
[2021-08-13 08:48:26,147] {standard_task_runner.py:77} INFO - Job 159: Subtask is_today
[2021-08-13 08:48:26,188] {logging_mixin.py:104} INFO - Running <TaskInstance: pipeline_try.is_today 2021-08-13T08:43:20.342682+00:00 [running]> on host 99300daf4d26
[2021-08-13 08:48:26,233] {taskinstance.py:1302} INFO - Exporting the following env vars:
AIRFLOW_CTX_DAG_EMAIL=ameysonje242000@gmail.com
AIRFLOW_CTX_DAG_OWNER=amey
AIRFLOW_CTX_DAG_ID=pipeline_try
AIRFLOW_CTX_TASK_ID=is_today
AIRFLOW_CTX_EXECUTION_DATE=2021-08-13T08:43:20.342682+00:00
AIRFLOW_CTX_DAG_RUN_ID=manual__2021-08-13T08:43:20.342682+00:00
[2021-08-13 08:48:26,241] {logging_mixin.py:104} INFO - today is 4
[2021-08-13 08:48:26,242] {python.py:151} INFO - Done. Returned value was: friday_Task
[2021-08-13 08:48:26,242] {skipmixin.py:124} INFO - Following branch friday_Task
[2021-08-13 08:48:26,249] {skipmixin.py:155} INFO - Skipping tasks ['none']
[2021-08-13 08:48:26,295] {taskinstance.py:1211} INFO - Marking task as SUCCESS. dag_id=pipeline_try, task_id=is_today, execution_date=20210813T084320, start_date=20210813T084826, end_date=20210813T084826
[2021-08-13 08:48:26,324] {taskinstance.py:1265} INFO - 1 downstream tasks scheduled from follow-on schedule check
[2021-08-13 08:48:26,355] {local_task_job.py:149} INFO - Task exited with return code 0
