[2021-08-13 08:49:38,688] {taskinstance.py:896} INFO - Dependencies all met for <TaskInstance: pipeline_try.httpgettry 2021-08-13T08:44:04.353394+00:00 [queued]>
[2021-08-13 08:49:38,713] {taskinstance.py:896} INFO - Dependencies all met for <TaskInstance: pipeline_try.httpgettry 2021-08-13T08:44:04.353394+00:00 [queued]>
[2021-08-13 08:49:38,714] {taskinstance.py:1087} INFO - 
--------------------------------------------------------------------------------
[2021-08-13 08:49:38,714] {taskinstance.py:1088} INFO - Starting attempt 2 of 2
[2021-08-13 08:49:38,715] {taskinstance.py:1089} INFO - 
--------------------------------------------------------------------------------
[2021-08-13 08:49:38,724] {taskinstance.py:1107} INFO - Executing <Task(SimpleHttpOperator): httpgettry> on 2021-08-13T08:44:04.353394+00:00
[2021-08-13 08:49:38,727] {standard_task_runner.py:52} INFO - Started process 8241 to run task
[2021-08-13 08:49:38,732] {standard_task_runner.py:76} INFO - Running: ['***', 'tasks', 'run', 'pipeline_try', 'httpgettry', '2021-08-13T08:44:04.353394+00:00', '--job-id', '164', '--pool', 'default_pool', '--raw', '--subdir', 'DAGS_FOLDER/pipeline_try1.py', '--cfg-path', '/tmp/tmp1xg96pyx', '--error-file', '/tmp/tmp9o70476s']
[2021-08-13 08:49:38,736] {standard_task_runner.py:77} INFO - Job 164: Subtask httpgettry
[2021-08-13 08:49:38,774] {logging_mixin.py:104} INFO - Running <TaskInstance: pipeline_try.httpgettry 2021-08-13T08:44:04.353394+00:00 [running]> on host 99300daf4d26
[2021-08-13 08:49:38,819] {taskinstance.py:1302} INFO - Exporting the following env vars:
AIRFLOW_CTX_DAG_EMAIL=ameysonje242000@gmail.com
AIRFLOW_CTX_DAG_OWNER=amey
AIRFLOW_CTX_DAG_ID=pipeline_try
AIRFLOW_CTX_TASK_ID=httpgettry
AIRFLOW_CTX_EXECUTION_DATE=2021-08-13T08:44:04.353394+00:00
AIRFLOW_CTX_DAG_RUN_ID=manual__2021-08-13T08:44:04.353394+00:00
[2021-08-13 08:49:38,821] {http.py:111} INFO - Calling HTTP method
[2021-08-13 08:49:38,830] {base.py:78} INFO - Using connection to: id: http_post. Host: 172.31.208.1, Port: 8000, Schema: , Login: , Password: None, extra: {}
[2021-08-13 08:49:38,832] {http.py:140} INFO - Sending 'GET' to url: http://172.31.208.1:8000/Users/
[2021-08-13 08:49:38,846] {http.py:115} INFO - [{"user_id":"amey_sonje","password":"amey_sonje","name":"amey sonje","email_id":"ameysonje242000@gmail.com"}]
[2021-08-13 08:49:38,872] {taskinstance.py:1211} INFO - Marking task as SUCCESS. dag_id=pipeline_try, task_id=httpgettry, execution_date=20210813T084404, start_date=20210813T084938, end_date=20210813T084938
[2021-08-13 08:49:38,900] {taskinstance.py:1265} INFO - 0 downstream tasks scheduled from follow-on schedule check
[2021-08-13 08:49:38,943] {local_task_job.py:149} INFO - Task exited with return code 0
